DEBUG Forwarding sendKeysToElement on session cba4db836ef83922b56153e718647ab6 to remote org.asynchttpclient.netty.request.NettyRequestSender - Using open Channel [id: 0x2f5ba75a, L:/127.0.0.1:62190 - R:localhost/127.0.0.1:6677] for POST '/session/cba4db836ef83922b56153e718647ab6/element/a580e657-a59c-448b-9ebf-9b2ce9e2f947/value'
DEBUG AsyncHttpClient-1-2 org.asynchttpclient.netty.handler.HttpHandler - 

Request DefaultHttpRequest(decodeResult: success, version: HTTP/1.1)
POST /session/cba4db836ef83922b56153e718647ab6/element/a580e657-a59c-448b-9ebf-9b2ce9e2f947/value HTTP/1.1
User-Agent: selenium/4.6.0 (java windows)
Content-Length: 241
Content-Type: application/json; charset=utf-8
host: localhost:6677
accept: */*

Response DefaultHttpResponse(decodeResult: success, version: HTTP/1.1)
HTTP/1.1 200 OK
Content-Type: application/json; charset=utf-8
cache-control: no-cache
content-length: 14

DEBUG AsyncHttpClient-1-2 org.asynchttpclient.netty.channel.ChannelManager - Adding key: http://localhost:6677 for channel [id: 0x2f5ba75a, L:/127.0.0.1:62190 - R:localhost/127.0.0.1:6677]
DEBUG Forwarding findElement on session cba4db836ef83922b56153e718647ab6 to remote org.asynchttpclient.netty.request.NettyRequestSender - Using pooled Channel '[id: 0x2f5ba75a, L:/127.0.0.1:62190 - R:localhost/127.0.0.1:6677]' for 'POST' to 'http://localhost:6677/session/cba4db836ef83922b56153e718647ab6/element'
DEBUG Forwarding findElement on session cba4db836ef83922b56153e718647ab6 to remote org.asynchttpclient.netty.request.NettyRequestSender - Using open Channel [id: 0x2f5ba75a, L:/127.0.0.1:62190 - R:localhost/127.0.0.1:6677] for POST '/session/cba4db836ef83922b56153e718647ab6/element'
DEBUG AsyncHttpClient-1-2 org.asynchttpclient.netty.handler.HttpHandler - 

Request DefaultHttpRequest(decodeResult: success, version: HTTP/1.1)
POST /session/cba4db836ef83922b56153e718647ab6/element HTTP/1.1
User-Agent: selenium/4.6.0 (java windows)
Content-Length: 68
Content-Type: application/json; charset=utf-8
host: localhost:6677
accept: */*

Response DefaultHttpResponse(decodeResult: success, version: HTTP/1.1)
HTTP/1.1 200 OK
Content-Type: application/json; charset=utf-8
cache-control: no-cache
content-length: 88

DEBUG AsyncHttpClient-1-2 org.asynchttpclient.netty.channel.ChannelManager - Adding key: http://localhost:6677 for channel [id: 0x2f5ba75a, L:/127.0.0.1:62190 - R:localhost/127.0.0.1:6677]
DEBUG Forwarding sendKeysToElement on session cba4db836ef83922b56153e718647ab6 to remote org.asynchttpclient.netty.request.NettyRequestSender - Using pooled Channel '[id: 0x2f5ba75a, L:/127.0.0.1:62190 - R:localhost/127.0.0.1:6677]' for 'POST' to 'http://localhost:6677/session/cba4db836ef83922b56153e718647ab6/element/b0889d6f-fdeb-429c-a2dd-01fd4f673ffb/value'
DEBUG Forwarding sendKeysToElement on session cba4db836ef83922b56153e718647ab6 to remote org.asynchttpclient.netty.request.NettyRequestSender - Using open Channel [id: 0x2f5ba75a, L:/127.0.0.1:62190 - R:localhost/127.0.0.1:6677] for POST '/session/cba4db836ef83922b56153e718647ab6/element/b0889d6f-fdeb-429c-a2dd-01fd4f673ffb/value'
DEBUG AsyncHttpClient-1-2 org.asynchttpclient.netty.handler.HttpHandler - 

Request DefaultHttpRequest(decodeResult: success, version: HTTP/1.1)
POST /session/cba4db836ef83922b56153e718647ab6/element/b0889d6f-fdeb-429c-a2dd-01fd4f673ffb/value HTTP/1.1
User-Agent: selenium/4.6.0 (java windows)
Content-Length: 621
Content-Type: application/json; charset=utf-8
host: localhost:6677
accept: */*

Response DefaultHttpResponse(decodeResult: success, version: HTTP/1.1)
HTTP/1.1 200 OK
Content-Type: application/json; charset=utf-8
cache-control: no-cache
content-length: 14

DEBUG AsyncHttpClient-1-2 org.asynchttpclient.netty.channel.ChannelManager - Adding key: http://localhost:6677 for channel [id: 0x2f5ba75a, L:/127.0.0.1:62190 - R:localhost/127.0.0.1:6677]
DEBUG Forwarding findElement on session cba4db836ef83922b56153e718647ab6 to remote org.asynchttpclient.netty.request.NettyRequestSender - Using pooled Channel '[id: 0x2f5ba75a, L:/127.0.0.1:62190 - R:localhost/127.0.0.1:6677]' for 'POST' to 'http://localhost:6677/session/cba4db836ef83922b56153e718647ab6/element'
DEBUG Forwarding findElement on session cba4db836ef83922b56153e718647ab6 to remote org.asynchttpclient.netty.request.NettyRequestSender - Using open Channel [id: 0x2f5ba75a, L:/127.0.0.1:62190 - R:localhost/127.0.0.1:6677] for POST '/session/cba4db836ef83922b56153e718647ab6/element'
DEBUG AsyncHttpClient-1-2 org.asynchttpclient.netty.handler.HttpHandler - 

Request DefaultHttpRequest(decodeResult: success, version: HTTP/1.1)
POST /session/cba4db836ef83922b56153e718647ab6/element HTTP/1.1
User-Agent: selenium/4.6.0 (java windows)
Content-Length: 137
Content-Type: application/json; charset=utf-8
host: localhost:6677
accept: */*

Response DefaultHttpResponse(decodeResult: success, version: HTTP/1.1)
HTTP/1.1 200 OK
Content-Type: application/json; charset=utf-8
cache-control: no-cache
content-length: 88

DEBUG AsyncHttpClient-1-2 org.asynchttpclient.netty.channel.ChannelManager - Adding key: http://localhost:6677 for channel [id: 0x2f5ba75a, L:/127.0.0.1:62190 - R:localhost/127.0.0.1:6677]
DEBUG Forwarding getElementText on session cba4db836ef83922b56153e718647ab6 to remote org.asynchttpclient.netty.request.NettyRequestSender - Using pooled Channel '[id: 0x2f5ba75a, L:/127.0.0.1:62190 - R:localhost/127.0.0.1:6677]' for 'GET' to 'http://localhost:6677/session/cba4db836ef83922b56153e718647ab6/element/bab044fc-07ec-45ff-9776-46d1a16f9f4e/text'
DEBUG Forwarding getElementText on session cba4db836ef83922b56153e718647ab6 to remote org.asynchttpclient.netty.request.NettyRequestSender - Using open Channel [id: 0x2f5ba75a, L:/127.0.0.1:62190 - R:localhost/127.0.0.1:6677] for GET '/session/cba4db836ef83922b56153e718647ab6/element/bab044fc-07ec-45ff-9776-46d1a16f9f4e/text'
DEBUG AsyncHttpClient-1-2 org.asynchttpclient.netty.handler.HttpHandler - 

Request DefaultFullHttpRequest(decodeResult: success, version: HTTP/1.1, content: EmptyByteBufBE)
GET /session/cba4db836ef83922b56153e718647ab6/element/bab044fc-07ec-45ff-9776-46d1a16f9f4e/text HTTP/1.1
User-Agent: selenium/4.6.0 (java windows)
Cache-Control: no-cache
Content-Type: application/json; charset=utf-8
host: localhost:6677
accept: */*

Response DefaultHttpResponse(decodeResult: success, version: HTTP/1.1)
HTTP/1.1 200 OK
Content-Type: application/json; charset=utf-8
cache-control: no-cache
content-length: 18

DEBUG AsyncHttpClient-1-2 org.asynchttpclient.netty.channel.ChannelManager - Adding key: http://localhost:6677 for channel [id: 0x2f5ba75a, L:/127.0.0.1:62190 - R:localhost/127.0.0.1:6677]
DEBUG Forwarding findElement on session cba4db836ef83922b56153e718647ab6 to remote org.asynchttpclient.netty.request.NettyRequestSender - Using pooled Channel '[id: 0x2f5ba75a, L:/127.0.0.1:62190 - R:localhost/127.0.0.1:6677]' for 'POST' to 'http://localhost:6677/session/cba4db836ef83922b56153e718647ab6/element'
DEBUG Forwarding findElement on session cba4db836ef83922b56153e718647ab6 to remote org.asynchttpclient.netty.request.NettyRequestSender - Using open Channel [id: 0x2f5ba75a, L:/127.0.0.1:62190 - R:localhost/127.0.0.1:6677] for POST '/session/cba4db836ef83922b56153e718647ab6/element'
DEBUG AsyncHttpClient-1-2 org.asynchttpclient.netty.handler.HttpHandler - 

Request DefaultHttpRequest(decodeResult: success, version: HTTP/1.1)
POST /session/cba4db836ef83922b56153e718647ab6/element HTTP/1.1
User-Agent: selenium/4.6.0 (java windows)
Content-Length: 138
Content-Type: application/json; charset=utf-8
host: localhost:6677
accept: */*

Response DefaultHttpResponse(decodeResult: success, version: HTTP/1.1)
HTTP/1.1 200 OK
Content-Type: application/json; charset=utf-8
cache-control: no-cache
content-length: 14

DEBUG AsyncHttpClient-1-2 org.asynchttpclient.netty.channel.ChannelManager - Adding key: http://localhost:6677 for channel [id: 0x2f5ba75a, L:/127.0.0.1:62190 - R:localhost/127.0.0.1:6677]
DEBUG main io.github.bonigarcia.wdm.cache.ResolutionCache - Removing resolution edge=107 from cache (expired on Thu Dec 01 13:59:52 CET 2022)
DEBUG main org.apache.hc.client5.http.impl.classic.InternalHttpClient - ex-0000000001 preparing request execution
DEBUG main org.apache.hc.client5.http.protocol.RequestAddCookies - ex-0000000001 Cookie spec selected: strict
DEBUG main org.apache.hc.client5.http.protocol.RequestAuthCache - ex-0000000001 Auth cache not set in the context
DEBUG main org.apache.hc.client5.http.impl.classic.ProtocolExec - ex-0000000001 target auth state: UNCHALLENGED
DEBUG main org.apache.hc.client5.http.impl.classic.ProtocolExec - ex-0000000001 proxy auth state: UNCHALLENGED
DEBUG main org.apache.hc.client5.http.impl.classic.ConnectExec - ex-0000000001 acquiring connection with route {s}->https://raw.githubusercontent.com:443
DEBUG main org.apache.hc.client5.http.impl.classic.InternalHttpClient - ex-0000000001 acquiring endpoint (3 MINUTES)
DEBUG main org.apache.hc.client5.http.impl.io.PoolingHttpClientConnectionManager - ex-0000000001 endpoint lease request (3 MINUTES) [route: {s}->https://raw.githubusercontent.com:443][total available: 0; route allocated: 0 of 5; total allocated: 0 of 25]
DEBUG main org.apache.hc.client5.http.impl.io.PoolingHttpClientConnectionManager - ex-0000000001 endpoint leased [route: {s}->https://raw.githubusercontent.com:443][total available: 0; route allocated: 1 of 5; total allocated: 1 of 25]
DEBUG main org.apache.hc.client5.http.impl.io.PoolingHttpClientConnectionManager - ex-0000000001 acquired ep-0000000000
DEBUG main org.apache.hc.client5.http.impl.classic.InternalHttpClient - ex-0000000001 acquired endpoint ep-0000000000
DEBUG main org.apache.hc.client5.http.impl.classic.ConnectExec - ex-0000000001 opening connection {s}->https://raw.githubusercontent.com:443
DEBUG main org.apache.hc.client5.http.impl.classic.InternalHttpClient - ep-0000000000 connecting endpoint (30 SECONDS)
DEBUG main org.apache.hc.client5.http.impl.io.PoolingHttpClientConnectionManager - ep-0000000000 connecting endpoint to https://raw.githubusercontent.com:443 (30 SECONDS)
DEBUG main org.apache.hc.client5.http.impl.io.DefaultHttpClientConnectionOperator - http-outgoing-0 connecting to raw.githubusercontent.com/185.199.108.133:443
DEBUG main org.apache.hc.client5.http.ssl.SSLConnectionSocketFactory - Connecting socket to raw.githubusercontent.com/185.199.108.133:443 with timeout 30 SECONDS
DEBUG main org.apache.hc.client5.http.ssl.SSLConnectionSocketFactory - Enabled protocols: [TLSv1.3, TLSv1.2]
DEBUG main org.apache.hc.client5.http.ssl.SSLConnectionSocketFactory - Enabled cipher suites: [TLS_AES_256_GCM_SHA384, TLS_AES_128_GCM_SHA256, TLS_CHACHA20_POLY1305_SHA256, TLS_ECDHE_ECDSA_WITH_AES_256_GCM_SHA384, TLS_ECDHE_ECDSA_WITH_AES_128_GCM_SHA256, TLS_ECDHE_ECDSA_WITH_CHACHA20_POLY1305_SHA256, TLS_ECDHE_RSA_WITH_AES_256_GCM_SHA384, TLS_ECDHE_RSA_WITH_CHACHA20_POLY1305_SHA256, TLS_ECDHE_RSA_WITH_AES_128_GCM_SHA256, TLS_DHE_RSA_WITH_AES_256_GCM_SHA384, TLS_DHE_RSA_WITH_CHACHA20_POLY1305_SHA256, TLS_DHE_DSS_WITH_AES_256_GCM_SHA384, TLS_DHE_RSA_WITH_AES_128_GCM_SHA256, TLS_DHE_DSS_WITH_AES_128_GCM_SHA256, TLS_ECDHE_ECDSA_WITH_AES_256_CBC_SHA384, TLS_ECDHE_RSA_WITH_AES_256_CBC_SHA384, TLS_ECDHE_ECDSA_WITH_AES_128_CBC_SHA256, TLS_ECDHE_RSA_WITH_AES_128_CBC_SHA256, TLS_DHE_RSA_WITH_AES_256_CBC_SHA256, TLS_DHE_DSS_WITH_AES_256_CBC_SHA256, TLS_DHE_RSA_WITH_AES_128_CBC_SHA256, TLS_DHE_DSS_WITH_AES_128_CBC_SHA256, TLS_ECDH_ECDSA_WITH_AES_256_GCM_SHA384, TLS_ECDH_RSA_WITH_AES_256_GCM_SHA384, TLS_ECDH_ECDSA_WITH_AES_128_GCM_SHA256, TLS_ECDH_RSA_WITH_AES_128_GCM_SHA256, TLS_ECDH_ECDSA_WITH_AES_256_CBC_SHA384, TLS_ECDH_RSA_WITH_AES_256_CBC_SHA384, TLS_ECDH_ECDSA_WITH_AES_128_CBC_SHA256, TLS_ECDH_RSA_WITH_AES_128_CBC_SHA256, TLS_ECDHE_ECDSA_WITH_AES_256_CBC_SHA, TLS_ECDHE_RSA_WITH_AES_256_CBC_SHA, TLS_ECDHE_ECDSA_WITH_AES_128_CBC_SHA, TLS_ECDHE_RSA_WITH_AES_128_CBC_SHA, TLS_DHE_RSA_WITH_AES_256_CBC_SHA, TLS_DHE_DSS_WITH_AES_256_CBC_SHA, TLS_DHE_RSA_WITH_AES_128_CBC_SHA, TLS_DHE_DSS_WITH_AES_128_CBC_SHA, TLS_ECDH_ECDSA_WITH_AES_256_CBC_SHA, TLS_ECDH_RSA_WITH_AES_256_CBC_SHA, TLS_ECDH_ECDSA_WITH_AES_128_CBC_SHA, TLS_ECDH_RSA_WITH_AES_128_CBC_SHA, TLS_RSA_WITH_AES_256_GCM_SHA384, TLS_RSA_WITH_AES_128_GCM_SHA256, TLS_RSA_WITH_AES_256_CBC_SHA256, TLS_RSA_WITH_AES_128_CBC_SHA256, TLS_RSA_WITH_AES_256_CBC_SHA, TLS_RSA_WITH_AES_128_CBC_SHA, TLS_EMPTY_RENEGOTIATION_INFO_SCSV]
DEBUG main org.apache.hc.client5.http.ssl.SSLConnectionSocketFactory - Starting handshake
DEBUG main org.apache.hc.client5.http.ssl.SSLConnectionSocketFactory - Secure session established
DEBUG main org.apache.hc.client5.http.ssl.SSLConnectionSocketFactory -  negotiated protocol: TLSv1.3
DEBUG main org.apache.hc.client5.http.ssl.SSLConnectionSocketFactory -  negotiated cipher suite: TLS_AES_256_GCM_SHA384
DEBUG main org.apache.hc.client5.http.ssl.SSLConnectionSocketFactory -  peer principal: CN=*.github.io, O="GitHub, Inc.", L=San Francisco, ST=California, C=US
DEBUG main org.apache.hc.client5.http.ssl.SSLConnectionSocketFactory -  peer alternative names: [*.github.io, github.com, *.github.com, www.github.com, github.io, githubusercontent.com, *.githubusercontent.com]
DEBUG main org.apache.hc.client5.http.ssl.SSLConnectionSocketFactory -  issuer principal: CN=DigiCert TLS RSA SHA256 2020 CA1, O=DigiCert Inc, C=US
DEBUG main org.apache.hc.client5.http.impl.io.DefaultHttpClientConnectionOperator - http-outgoing-0 connection established 172.22.8.136:62780<->185.199.108.133:443
DEBUG main org.apache.hc.client5.http.impl.io.PoolingHttpClientConnectionManager - ep-0000000000 connected http-outgoing-0
DEBUG main org.apache.hc.client5.http.impl.classic.InternalHttpClient - ep-0000000000 endpoint connected
DEBUG main org.apache.hc.client5.http.impl.classic.MainClientExec - ex-0000000001 executing GET /bonigarcia/webdrivermanager/master/src/main/resources/commands.properties HTTP/1.1
DEBUG main org.apache.hc.client5.http.impl.classic.InternalHttpClient - ep-0000000000 start execution ex-0000000001
DEBUG main org.apache.hc.client5.http.impl.io.PoolingHttpClientConnectionManager - ep-0000000000 executing exchange ex-0000000001 over http-outgoing-0
DEBUG main org.apache.hc.client5.http.headers - http-outgoing-0 >> GET /bonigarcia/webdrivermanager/master/src/main/resources/commands.properties HTTP/1.1
DEBUG main org.apache.hc.client5.http.headers - http-outgoing-0 >> user-agent: Apache-HttpClient/5.0
DEBUG main org.apache.hc.client5.http.headers - http-outgoing-0 >> accept-encoding: gzip, deflate, br
DEBUG main org.apache.hc.client5.http.headers - http-outgoing-0 >> cache-control: max-age=0
DEBUG main org.apache.hc.client5.http.headers - http-outgoing-0 >> connection: keep-alive
DEBUG main org.apache.hc.client5.http.headers - http-outgoing-0 >> Host: raw.githubusercontent.com
DEBUG main org.apache.hc.client5.http.wire - http-outgoing-0 >> "GET /bonigarcia/webdrivermanager/master/src/main/resources/commands.properties HTTP/1.1[\r][\n]"
DEBUG main org.apache.hc.client5.http.wire - http-outgoing-0 >> "user-agent: Apache-HttpClient/5.0[\r][\n]"
DEBUG main org.apache.hc.client5.http.wire - http-outgoing-0 >> "accept-encoding: gzip, deflate, br[\r][\n]"
DEBUG main org.apache.hc.client5.http.wire - http-outgoing-0 >> "cache-control: max-age=0[\r][\n]"
DEBUG main org.apache.hc.client5.http.wire - http-outgoing-0 >> "connection: keep-alive[\r][\n]"
DEBUG main org.apache.hc.client5.http.wire - http-outgoing-0 >> "Host: raw.githubusercontent.com[\r][\n]"
DEBUG main org.apache.hc.client5.http.wire - http-outgoing-0 >> "[\r][\n]"
DEBUG main org.apache.hc.client5.http.wire - http-outgoing-0 << "HTTP/1.1 200 OK[\r][\n]"
DEBUG main org.apache.hc.client5.http.wire - http-outgoing-0 << "Connection: keep-alive[\r][\n]"
DEBUG main org.apache.hc.client5.http.wire - http-outgoing-0 << "Content-Length: 723[\r][\n]"
DEBUG main org.apache.hc.client5.http.wire - http-outgoing-0 << "Cache-Control: max-age=300[\r][\n]"
DEBUG main org.apache.hc.client5.http.wire - http-outgoing-0 << "Content-Security-Policy: default-src 'none'; style-src 'unsafe-inline'; sandbox[\r][\n]"
DEBUG main org.apache.hc.client5.http.wire - http-outgoing-0 << "Content-Type: text/plain; charset=utf-8[\r][\n]"
DEBUG main org.apache.hc.client5.http.wire - http-outgoing-0 << "ETag: W/"e82b438271e9e8680c688b0b680efd0bdd22faa6d6f0a32fc1fd8accc486b67e"[\r][\n]"
DEBUG main org.apache.hc.client5.http.wire - http-outgoing-0 << "Strict-Transport-Security: max-age=31536000[\r][\n]"
DEBUG main org.apache.hc.client5.http.wire - http-outgoing-0 << "X-Content-Type-Options: nosniff[\r][\n]"
DEBUG main org.apache.hc.client5.http.wire - http-outgoing-0 << "X-Frame-Options: deny[\r][\n]"
DEBUG main org.apache.hc.client5.http.wire - http-outgoing-0 << "X-XSS-Protection: 1; mode=block[\r][\n]"
DEBUG main org.apache.hc.client5.http.wire - http-outgoing-0 << "X-GitHub-Request-Id: 890C:1030B:5AF35:65677:6372D173[\r][\n]"
DEBUG main org.apache.hc.client5.http.wire - http-outgoing-0 << "Content-Encoding: gzip[\r][\n]"
DEBUG main org.apache.hc.client5.http.wire - http-outgoing-0 << "Accept-Ranges: bytes[\r][\n]"
DEBUG main org.apache.hc.client5.http.wire - http-outgoing-0 << "Date: Thu, 01 Dec 2022 13:08:39 GMT[\r][\n]"
DEBUG main org.apache.hc.client5.http.wire - http-outgoing-0 << "Via: 1.1 varnish[\r][\n]"
DEBUG main org.apache.hc.client5.http.wire - http-outgoing-0 << "X-Served-By: cache-vie6383-VIE[\r][\n]"
DEBUG main org.apache.hc.client5.http.wire - http-outgoing-0 << "X-Cache: HIT[\r][\n]"
DEBUG main org.apache.hc.client5.http.wire - http-outgoing-0 << "X-Cache-Hits: 2[\r][\n]"
DEBUG main org.apache.hc.client5.http.wire - http-outgoing-0 << "X-Timer: S1669900119.451922,VS0,VE0[\r][\n]"
DEBUG main org.apache.hc.client5.http.wire - http-outgoing-0 << "Vary: Authorization,Accept-Encoding,Origin[\r][\n]"
DEBUG main org.apache.hc.client5.http.wire - http-outgoing-0 << "Access-Control-Allow-Origin: *[\r][\n]"
DEBUG main org.apache.hc.client5.http.wire - http-outgoing-0 << "X-Fastly-Request-ID: eadf59c0f609aceb5da791051e22d2e6527deca3[\r][\n]"
DEBUG main org.apache.hc.client5.http.wire - http-outgoing-0 << "Expires: Thu, 01 Dec 2022 13:13:39 GMT[\r][\n]"
DEBUG main org.apache.hc.client5.http.wire - http-outgoing-0 << "Source-Age: 189[\r][\n]"
DEBUG main org.apache.hc.client5.http.wire - http-outgoing-0 << "[\r][\n]"
DEBUG main org.apache.hc.client5.http.headers - http-outgoing-0 << HTTP/1.1 200 OK
DEBUG main org.apache.hc.client5.http.headers - http-outgoing-0 << Connection: keep-alive
DEBUG main org.apache.hc.client5.http.headers - http-outgoing-0 << Content-Length: 723
DEBUG main org.apache.hc.client5.http.headers - http-outgoing-0 << Cache-Control: max-age=300
DEBUG main org.apache.hc.client5.http.headers - http-outgoing-0 << Content-Security-Policy: default-src 'none'; style-src 'unsafe-inline'; sandbox
DEBUG main org.apache.hc.client5.http.headers - http-outgoing-0 << Content-Type: text/plain; charset=utf-8
DEBUG main org.apache.hc.client5.http.headers - http-outgoing-0 << ETag: W/"e82b438271e9e8680c688b0b680efd0bdd22faa6d6f0a32fc1fd8accc486b67e"
DEBUG main org.apache.hc.client5.http.headers - http-outgoing-0 << Strict-Transport-Security: max-age=31536000
DEBUG main org.apache.hc.client5.http.headers - http-outgoing-0 << X-Content-Type-Options: nosniff
DEBUG main org.apache.hc.client5.http.headers - http-outgoing-0 << X-Frame-Options: deny
DEBUG main org.apache.hc.client5.http.headers - http-outgoing-0 << X-XSS-Protection: 1; mode=block
DEBUG main org.apache.hc.client5.http.headers - http-outgoing-0 << X-GitHub-Request-Id: 890C:1030B:5AF35:65677:6372D173
DEBUG main org.apache.hc.client5.http.headers - http-outgoing-0 << Content-Encoding: gzip
DEBUG main org.apache.hc.client5.http.headers - http-outgoing-0 << Accept-Ranges: bytes
DEBUG main org.apache.hc.client5.http.headers - http-outgoing-0 << Date: Thu, 01 Dec 2022 13:08:39 GMT
DEBUG main org.apache.hc.client5.http.headers - http-outgoing-0 << Via: 1.1 varnish
DEBUG main org.apache.hc.client5.http.headers - http-outgoing-0 << X-Served-By: cache-vie6383-VIE
DEBUG main org.apache.hc.client5.http.headers - http-outgoing-0 << X-Cache: HIT
DEBUG main org.apache.hc.client5.http.headers - http-outgoing-0 << X-Cache-Hits: 2
DEBUG main org.apache.hc.client5.http.headers - http-outgoing-0 << X-Timer: S1669900119.451922,VS0,VE0
DEBUG main org.apache.hc.client5.http.headers - http-outgoing-0 << Vary: Authorization,Accept-Encoding,Origin
DEBUG main org.apache.hc.client5.http.headers - http-outgoing-0 << Access-Control-Allow-Origin: *
DEBUG main org.apache.hc.client5.http.headers - http-outgoing-0 << X-Fastly-Request-ID: eadf59c0f609aceb5da791051e22d2e6527deca3
DEBUG main org.apache.hc.client5.http.headers - http-outgoing-0 << Expires: Thu, 01 Dec 2022 13:13:39 GMT
DEBUG main org.apache.hc.client5.http.headers - http-outgoing-0 << Source-Age: 189
DEBUG main org.apache.hc.client5.http.impl.classic.MainClientExec - ex-0000000001 connection can be kept alive for 3 MINUTES
DEBUG main org.apache.hc.client5.http.wire - http-outgoing-0 << "[0x1f][0xffffff8b][0x8][0x0][0x0][0x0][0x0][0x0][0x0][0x3][0xffffffb5]V]o[0xffffffda]0[0x14]}[0xffffffe7]W\[0xffffff81]*[0xffffffb5][0x12][0x1f][[M[0xffffffd3]$[0x1e]hF[0xffffffbb]i [0x18][0xffffffb4][0xffffffdd]&[0xfffffff9][0xffffffc5]$7[0xffffffc1]R[0x12]#;[0xffffff94]v[0xffffffbf]~[0xffffffb6][0xfffffff3]1[0xffffff92][0xffffff9a][0xffffffc1][0x1a]x[0xffffffcb][0xffffffb5][0xffffffaf][0xffffffcf]9[0xffffffbe][0xfffffff7]8v[0xb][0x1c][0x1e]E4[0xfffffff6]$x4[0xffffffa1][0xb]*[0xffffffb1][0xffffffd1][0xffffff82][0xfffffffb]%[0xffffff93][0xffffffe0][0xffffffb3][0x10][0xffffffc1][0xffffffe5]qBY,!Y[0xffffffea] KM8,[0x10][0xfffffff0][0x19][0xffffffdd]u[0xffffff82][0x1e][0xffffffb0][0xffffffd8]L[0xffffffcb]%[0xffffff86][0xffffffa1][0xe][0xffffffb8][0xfffffff0]P[0xffffffe8]$[0xf][0x13]t[0x13]3[0xfffffff9][0xffffff84]B2[0xffffffae][0xffffffe6]|@[0xfffffff5][0x1d][0x8][0xffffffc4][0x18][0x16][0xffffff82]o[0xffffffa4][0xffffff9a]P[0xffffff94][0xffffffe7][0xffffffce]R[0xfffffff0][0x8][0xffffffdb]p[0xffffffcb][0x4][0xfffffffa][0xfffffffc][0xffffffb9][\r][0xffffff93][0x15][\n]"
DEBUG main org.apache.hc.client5.http.wire - http-outgoing-0 << "[0xffffffda][0xffffff86][0xffffffa1][0x17][0xffffffa8]Q3[0xffffffcb][0xffffffd6][0xffffffd1][0xffffff85][0xffffffc6][0xfffffff7][0xffffff98][0xffffffef][0xffffffa3][0xffffffc0]8[0x1][0xffffffae]s[0x12][0x16][0x7] _d[0xffffff82][0xffffff91][0xffffff84][0xfffffff3][0x1f],[0xfffffff6][0x14]j[0x1b]F,^+[0xffffff98]1ua2[0xffffffbf]h([0xffffff8e][0xffffff94][0xffffffa2][0xffffff91]m[0xffffffa3][0xffffffeb][0xffffff9a][0xffffffb0][0xffffffbb]I[0x17]t[0xffffffdf][0xffffffbd][0xffffffef][0xffffffbb][0xffffff91][0xffffffd7]U[0xffffffbb][0xffffff82][0xffffff9e][0x3][0xffffff9b][0xffffff88][0xffffffb9][0xffffffa6]$[0xffffffa6][0xc][0xffffff9b][0xffffffa5][0xffffffe2][0xffffff83][0xffffff98]F[0xffffffd8]o[0xffffff9e]Mg[0xffffff93][0xffffffbb][0xffffffd9]`|[0xfffffffb]u4[0xffffff9c][0x7f]"}B[0xffffffce][0x8][0xffffffb9][0xffffffe3]<[0x8][0xffffff91][0xffffff90][0xffffff94][0xffffff82][0xffffff90][0xffffffc1]j[0x15]2WI[0xffffffe3]1![0x19][0xffffff91]BnB[0xffffff80][0x9]<f[0xffffffb5][0xffffffe8]=[0xffffffd1]p[0xffffffbd][[0xffffffcf][0xffffffe5][0x1b][0xfffffff4][0xffffff9c][0xffffffff][0xfffffffc][0xfffffff8][0xffffffe1][0xffffffe2][0xffffff94][0xffffffa2][0xffffffae][0xe][0x14]5[0xffffff9a]8[0xffffff83][0xffffffd1]`:[0xfffffffd]<[0xffffffb8][0x1f][0xffffff9c]R[0xffffffcf]u[0x7f]6[0xffffffbc][0xffffff83][0xffffffef][0xf][0xffffffc3][0xffffffd9]/[0xfffffff8][0xfffffff2][0xffffffcd]y s[0xffffffee]'[0x1b]*0g[0xffffffcb][0xffffffc8]nF7H][0xffffff83][0xffffff97]{[0xffffffb1]Q[0x5][\r][0xffffffb5]c[0xffffffb4][0xf][0x2][0xffffffb3][0xffffffb4][0xffffff93][0xe]C[0xffffffa7][0xffffffb3]kAD][0xffffff9d][0xffffffde][0xffffffdb][0xffffffda][0xffffff88][0xffffffec][0xffffffa5][0xffffffbc][0xffffff99][0xffffffd9][0xffffffba]t[0xffffffb5][0xffffffea]9[0xffffffea][0x10])[0xffffffb7][0xffffffca][0xffffff9e][0xfffffff2][0xffffffe2]d^N[0xffffffd8]FW[0x16][0xffffffcd][0xffffffdc]_[0x10][0xfffffff9]i|[0x1c][0xffffff93][0xffffff8e][0xfffffff9]o[0x16][0xffffff86]4'!$G[0xffffffdf]W[0xfffffff4]W*j[[0xfffffff3]xR[0xffffffae][0xffffffb6][0xc][0xffffffd0],; #[0xffffffa9][0xffffff92]5[0xffffffb5][0x7][0xffffff9c][0xffffffb5][0xffffffd0][0x7f][0xffffff90][0xffffffc7]jgs[0xfffffffc][0xffffffc2][0xb][0xffffffd9][0x0]t[0xffffff9e]^'Y[0xfffffffb][0xffffff9f][0xffffffb1][0xffffffd8]:[0xffffffbf][0xffffff8d][0xffffffa5][0xffffff9a][0xffffffad][0x7f]m[0x5]&[0xffffffaa][0xffffffa0]^[0xffffff9b][0xffffffcb][0x5]f[0xffffffae][0xffffffe0]RU[0xffffff82][0x10]MS9l[0xffffff91]4t[0xfffffffb][0xffffff8a]][0xffffffd6][0xfffffff4][0xffffff96][0xffffffa6][0xffffff9f]P[0xffffffce][0xffffffd5][0xffffffce][0xffffff93][0xffffffff][0xffffff97][0xffffffcc]p[0xfffffffd][0xfffffff3][0xffffffe8][0x1b][0xffffffcc][0xffffffa2][0xffffffd9]Q[0xffffffbe][0xffffffb2][0xffffffa3][0xffffffc7]m'[0xffffffdf][0xffffffe4][[0xfffffffb]^[0xffffffb0][0xffffff9a][0xffffffbe][0xffffffda][0xffffffda]_[0xffffffce][0xffffff80][0xffffffd2][0xffffffc1]7[0xffffffb7]][0xffffffc1]b[0xffffffee][0xffffffb5][0xffffffff]w[0xffffff83][0xffffffed][0xffffffa7];[0x15]<[0x10]4[0xffffff92][0xffffff84][0x18][\n]"
DEBUG main org.apache.hc.client5.http.wire - http-outgoing-0 << "BB[0xffffffba][0xffffff8e]][0xffffffb5]jo[0xffffffb9]+"[0xffffffea][0xffffffb4][0xffffffff]h"[0xffffffea]\?5[0xffffffa9][0xffffffaf]k[0xffffffec][0xffffffff]P[0xffffffea][\n]"
DEBUG main org.apache.hc.client5.http.wire - http-outgoing-0 << "w[0xffffffe1]K[0x13][0xffffffda][0xffffffec][0xffffff98][0xffffffe6]Y[0xfffffffd]h8m6[0xffffff9c]T[0xffffffc1][0xfffffff2][0xffffffa7][0xffffff91]z_[0xffffff95]o85p[0x1c][0x13][0xffffffe6][0xfffffff0]5[0xffffffee][0xfffffffc][0xffffff92][0xffffff96][0xffffffda][0xfffffff7][0xffffffcf][0xffffffb1][0x5][0x1d][0xffffffea]K[0xffffff9b]9[0xffffff8e][0xffffffad]e[0xfffffff7][0xffffff93][0xffffffa8]`[0xffffffda][0xffffffff][0x1a][0xffffffd2][0xffffff88][0xffffff85][0xfffffffd][0xfffffff2][0xffffff91]N[0xfffffff6]`[0xffffffdf]2[0xffffffcf][0xffffffae]E[0xffffff97][0xffffffc5][0xffffffa2][0xffffff9d][0xffffffef]'[0xffffff9d]mun.[0xffffffd3]f^[0xffffffc7][0xffffff82][0xffffffda][0xffffff82]9[0xfffffff5][0xffffffa9]`[0x5][0xffffffbc]4[0xffffffa1][0x1d]<M[0xffffffb5]A[0xffffffa7]3[[0xffffffc0][0x7f][0x0][0xffffffc1][0xffffffd0]$[0xffffff85][0x1d][\r][0x0][0x0]"
DEBUG main org.apache.hc.client5.http.impl.classic.InternalHttpClient - ep-0000000000 releasing valid endpoint
DEBUG main org.apache.hc.client5.http.impl.io.PoolingHttpClientConnectionManager - ep-0000000000 releasing endpoint
DEBUG main org.apache.hc.client5.http.impl.io.PoolingHttpClientConnectionManager - ep-0000000000 connection http-outgoing-0 can be kept alive for 3 MINUTES
DEBUG main org.apache.hc.client5.http.impl.io.PoolingHttpClientConnectionManager - ep-0000000000 connection released [route: {s}->https://raw.githubusercontent.com:443][total available: 1; route allocated: 1 of 5; total allocated: 1 of 25]
DEBUG main io.github.bonigarcia.wdm.versions.VersionDetector - Detecting edge version using online commands.properties
DEBUG main io.github.bonigarcia.wdm.versions.Shell - Running command on the shell: [cmd.exe, /C, wmic, datafile, where, name="%PROGRAMFILES(X86):\=\\%\\Microsoft\\Edge\\Application\\msedge.exe", get, Version, /value]
DEBUG main io.github.bonigarcia.wdm.versions.Shell - Result: Version=107.0.1418.62
DEBUG main io.github.bonigarcia.wdm.cache.ResolutionCache - Resolution edge107=107.0.1418.62 in cache (valid until 13:33:37 02/12/2022 CET)
INFO main io.github.bonigarcia.wdm.WebDriverManager - Using msedgedriver 107.0.1418.62 (resolved driver for Edge 107)
DEBUG main io.github.bonigarcia.wdm.cache.ResolutionCache - Storing resolution edge=107 in cache (valid until 15:08:40 01/12/2022 CET)
DEBUG main io.github.bonigarcia.wdm.WebDriverManager - Driver msedgedriver 107.0.1418.62 found in cache
INFO main io.github.bonigarcia.wdm.WebDriverManager - Exporting webdriver.edge.driver as C:\Users\78621\.cache\selenium\msedgedriver\win64\107.0.1418.62\msedgedriver.exe
DEBUG main io.netty.util.internal.logging.InternalLoggerFactory - Using SLF4J as the default logging framework
DEBUG main io.netty.util.ResourceLeakDetector - -Dio.netty.leakDetection.level: simple
DEBUG main io.netty.util.ResourceLeakDetector - -Dio.netty.leakDetection.targetRecords: 4
DEBUG main io.netty.util.ResourceLeakDetectorFactory - Loaded default ResourceLeakDetector: io.netty.util.ResourceLeakDetector@49a64d82
DEBUG main io.netty.util.internal.PlatformDependent0 - -Dio.netty.noUnsafe: false
DEBUG main io.netty.util.internal.PlatformDependent0 - Java version: 19
DEBUG main io.netty.util.internal.PlatformDependent0 - sun.misc.Unsafe.theUnsafe: available
DEBUG main io.netty.util.internal.PlatformDependent0 - sun.misc.Unsafe.copyMemory: available
DEBUG main io.netty.util.internal.PlatformDependent0 - sun.misc.Unsafe.storeFence: available
DEBUG main io.netty.util.internal.PlatformDependent0 - java.nio.Buffer.address: available
DEBUG main io.netty.util.internal.PlatformDependent0 - direct buffer constructor: unavailable: Reflective setAccessible(true) disabled
DEBUG main io.netty.util.internal.PlatformDependent0 - java.nio.Bits.unaligned: available, true
DEBUG main io.netty.util.internal.PlatformDependent0 - jdk.internal.misc.Unsafe.allocateUninitializedArray(int): unavailable: class io.netty.util.internal.PlatformDependent0$7 cannot access class jdk.internal.misc.Unsafe (in module java.base) because module java.base does not export jdk.internal.misc to unnamed module @4fccd51b
DEBUG main io.netty.util.internal.PlatformDependent0 - java.nio.DirectByteBuffer.<init>(long, int): unavailable
DEBUG main io.netty.util.internal.PlatformDependent - sun.misc.Unsafe: available
DEBUG main io.netty.util.internal.PlatformDependent - maxDirectMemory: 4238344192 bytes (maybe)
DEBUG main io.netty.util.internal.PlatformDependent - -Dio.netty.tmpdir: C:\Users\78621\AppData\Local\Temp (java.io.tmpdir)
DEBUG main io.netty.util.internal.PlatformDependent - -Dio.netty.bitMode: 64 (sun.arch.data.model)
DEBUG main io.netty.util.internal.PlatformDependent - Platform: Windows
DEBUG main io.netty.util.internal.PlatformDependent - -Dio.netty.maxDirectMemory: -1 bytes
DEBUG main io.netty.util.internal.PlatformDependent - -Dio.netty.uninitializedArrayAllocationThreshold: -1
DEBUG main io.netty.util.internal.CleanerJava9 - java.nio.ByteBuffer.cleaner(): available
DEBUG main io.netty.util.internal.PlatformDependent - -Dio.netty.noPreferDirect: false
DEBUG main io.netty.util.internal.PlatformDependent - org.jctools-core.MpscChunkedArrayQueue: available
DEBUG main io.netty.util.internal.InternalThreadLocalMap - -Dio.netty.threadLocalMap.stringBuilder.initialSize: 1024
DEBUG main io.netty.util.internal.InternalThreadLocalMap - -Dio.netty.threadLocalMap.stringBuilder.maxSize: 4096
DEBUG main io.netty.handler.ssl.JdkSslContext - Default protocols (JDK): [TLSv1.3, TLSv1.2] 
DEBUG main io.netty.handler.ssl.JdkSslContext - Default cipher suites (JDK): [TLS_ECDHE_ECDSA_WITH_AES_256_GCM_SHA384, TLS_ECDHE_ECDSA_WITH_AES_128_GCM_SHA256, TLS_ECDHE_RSA_WITH_AES_128_GCM_SHA256, TLS_ECDHE_RSA_WITH_AES_256_GCM_SHA384, TLS_ECDHE_RSA_WITH_AES_128_CBC_SHA, TLS_ECDHE_RSA_WITH_AES_256_CBC_SHA, TLS_RSA_WITH_AES_128_GCM_SHA256, TLS_RSA_WITH_AES_128_CBC_SHA, TLS_RSA_WITH_AES_256_CBC_SHA, TLS_AES_128_GCM_SHA256, TLS_AES_256_GCM_SHA384]
DEBUG main io.netty.channel.MultithreadEventLoopGroup - -Dio.netty.eventLoopThreads: 24
DEBUG main io.netty.channel.nio.NioEventLoop - -Dio.netty.noKeySetOptimization: false
DEBUG main io.netty.channel.nio.NioEventLoop - -Dio.netty.selectorAutoRebuildThreshold: 512
DEBUG main io.netty.buffer.PooledByteBufAllocator - -Dio.netty.allocator.numHeapArenas: 24
DEBUG main io.netty.buffer.PooledByteBufAllocator - -Dio.netty.allocator.numDirectArenas: 24
DEBUG main io.netty.buffer.PooledByteBufAllocator - -Dio.netty.allocator.pageSize: 8192
DEBUG main io.netty.buffer.PooledByteBufAllocator - -Dio.netty.allocator.maxOrder: 9
DEBUG main io.netty.buffer.PooledByteBufAllocator - -Dio.netty.allocator.chunkSize: 4194304
DEBUG main io.netty.buffer.PooledByteBufAllocator - -Dio.netty.allocator.smallCacheSize: 256
DEBUG main io.netty.buffer.PooledByteBufAllocator - -Dio.netty.allocator.normalCacheSize: 64
DEBUG main io.netty.buffer.PooledByteBufAllocator - -Dio.netty.allocator.maxCachedBufferCapacity: 32768
DEBUG main io.netty.buffer.PooledByteBufAllocator - -Dio.netty.allocator.cacheTrimInterval: 8192
DEBUG main io.netty.buffer.PooledByteBufAllocator - -Dio.netty.allocator.cacheTrimIntervalMillis: 0
DEBUG main io.netty.buffer.PooledByteBufAllocator - -Dio.netty.allocator.useCacheForAllThreads: false
DEBUG main io.netty.buffer.PooledByteBufAllocator - -Dio.netty.allocator.maxCachedByteBuffersPerChunk: 1023
DEBUG main io.netty.buffer.ByteBufUtil - -Dio.netty.allocator.type: pooled
DEBUG main io.netty.buffer.ByteBufUtil - -Dio.netty.threadLocalDirectBufferSize: 0
DEBUG main io.netty.buffer.ByteBufUtil - -Dio.netty.maxThreadLocalCharBufferSize: 16384
DEBUG Forwarding newSession on session null to remote io.netty.channel.DefaultChannelId - -Dio.netty.processId: 15576 (auto-detected)
DEBUG Forwarding newSession on session null to remote io.netty.util.NetUtil - -Djava.net.preferIPv4Stack: false
DEBUG Forwarding newSession on session null to remote io.netty.util.NetUtil - -Djava.net.preferIPv6Addresses: false
DEBUG Forwarding newSession on session null to remote io.netty.util.NetUtilInitializations - Loopback interface: lo (Software Loopback Interface 1, 127.0.0.1)
DEBUG Forwarding newSession on session null to remote io.netty.util.NetUtil - Failed to get SOMAXCONN from sysctl and file \proc\sys\net\core\somaxconn. Default: 200
DEBUG Forwarding newSession on session null to remote io.netty.channel.DefaultChannelId - -Dio.netty.machineId: 3c:58:c2:ff:fe:d3:15:d0 (auto-detected)
DEBUG AsyncHttpClient-1-2 io.netty.buffer.AbstractByteBuf - -Dio.netty.buffer.checkAccessible: true
DEBUG AsyncHttpClient-1-2 io.netty.buffer.AbstractByteBuf - -Dio.netty.buffer.checkBounds: true
DEBUG AsyncHttpClient-1-2 io.netty.util.ResourceLeakDetectorFactory - Loaded default ResourceLeakDetector: io.netty.util.ResourceLeakDetector@39d923c7
DEBUG AsyncHttpClient-1-2 org.asynchttpclient.netty.channel.NettyConnectListener - Using new Channel '[id: 0x2490d4d1, L:/127.0.0.1:62794 - R:localhost/127.0.0.1:20333]' for 'POST' to '/session'
DEBUG AsyncHttpClient-1-2 io.netty.util.Recycler - -Dio.netty.recycler.maxCapacityPerThread: 4096
DEBUG AsyncHttpClient-1-2 io.netty.util.Recycler - -Dio.netty.recycler.ratio: 8
DEBUG AsyncHttpClient-1-2 io.netty.util.Recycler - -Dio.netty.recycler.chunkSize: 32
DEBUG AsyncHttpClient-1-2 io.netty.util.Recycler - -Dio.netty.recycler.blocking: false
DEBUG AsyncHttpClient-1-2 io.netty.handler.codec.compression.Brotli - brotli4j not in the classpath; Brotli support will be unavailable.
DEBUG AsyncHttpClient-1-2 org.asynchttpclient.netty.handler.HttpHandler - 

Request DefaultHttpRequest(decodeResult: success, version: HTTP/1.1)
POST /session HTTP/1.1
User-Agent: selenium/4.6.0 (java windows)
Content-Length: 371
Content-Type: application/json; charset=utf-8
host: localhost:20333
accept: */*

Response DefaultHttpResponse(decodeResult: success, version: HTTP/1.1)
HTTP/1.1 200 OK
Content-Type: application/json; charset=utf-8
cache-control: no-cache
content-length: 755

DEBUG AsyncHttpClient-1-2 org.asynchttpclient.netty.channel.ChannelManager - Adding key: http://localhost:20333 for channel [id: 0x2490d4d1, L:/127.0.0.1:62794 - R:localhost/127.0.0.1:20333]
DEBUG AsyncHttpClient-1-3 org.asynchttpclient.netty.channel.NettyConnectListener - Using new Channel '[id: 0x8ce57318, L:/127.0.0.1:62805 - R:localhost/127.0.0.1:62795]' for 'GET' to '/json/version'
DEBUG AsyncHttpClient-1-3 org.asynchttpclient.netty.handler.HttpHandler - 

Request DefaultFullHttpRequest(decodeResult: success, version: HTTP/1.1, content: EmptyByteBufBE)
GET /json/version HTTP/1.1
User-Agent: selenium/4.6.0 (java windows)
host: localhost:62795
accept: */*

Response DefaultHttpResponse(decodeResult: success, version: HTTP/1.1)
HTTP/1.1 200 OK
Content-Type: application/json; charset=UTF-8
content-length: 436

DEBUG AsyncHttpClient-1-3 org.asynchttpclient.netty.channel.ChannelManager - Adding key: http://localhost:62795 for channel [id: 0x8ce57318, L:/127.0.0.1:62805 - R:localhost/127.0.0.1:62795]
DEBUG main io.netty.util.internal.ThreadLocalRandom - -Dio.netty.initialSeedUniquifier: 0x45afa99350a7b467
DEBUG AsyncHttpClient-1-4 org.asynchttpclient.netty.channel.NettyConnectListener - Using new Channel '[id: 0x7b14a00e, L:/127.0.0.1:62806 - R:localhost/127.0.0.1:62795]' for 'GET' to '/devtools/browser/0ee77ea6-3d99-4eb6-b898-080728ed04c2'
DEBUG AsyncHttpClient-1-4 org.asynchttpclient.netty.handler.WebSocketHandler - 

Request DefaultFullHttpRequest(decodeResult: success, version: HTTP/1.1, content: EmptyByteBufBE)
GET /devtools/browser/0ee77ea6-3d99-4eb6-b898-080728ed04c2 HTTP/1.1
upgrade: websocket
connection: upgrade
sec-websocket-key: ovbhdfuYQ9hEunoxt64ghA==
sec-websocket-version: 13
origin: http://localhost:62795
host: localhost:62795
accept: */*
user-agent: AHC/2.1

Response DefaultHttpResponse(decodeResult: success, version: HTTP/1.1)
HTTP/1.1 101 WebSocket Protocol Handshake
Upgrade: WebSocket
Connection: Upgrade
Sec-WebSocket-Accept: 8h5zypCZ8TRYXU+UUXKW5uF1IXM=

DEBUG Forwarding setTimeout on session 945ce3ab0e33f2e9c417e336bb1859fe to remote org.asynchttpclient.netty.request.NettyRequestSender - Using pooled Channel '[id: 0x2490d4d1, L:/127.0.0.1:62794 - R:localhost/127.0.0.1:20333]' for 'POST' to 'http://localhost:20333/session/945ce3ab0e33f2e9c417e336bb1859fe/timeouts'
DEBUG Forwarding setTimeout on session 945ce3ab0e33f2e9c417e336bb1859fe to remote org.asynchttpclient.netty.request.NettyRequestSender - Using open Channel [id: 0x2490d4d1, L:/127.0.0.1:62794 - R:localhost/127.0.0.1:20333] for POST '/session/945ce3ab0e33f2e9c417e336bb1859fe/timeouts'
DEBUG AsyncHttpClient-1-2 org.asynchttpclient.netty.handler.HttpHandler - 

Request DefaultHttpRequest(decodeResult: success, version: HTTP/1.1)
POST /session/945ce3ab0e33f2e9c417e336bb1859fe/timeouts HTTP/1.1
User-Agent: selenium/4.6.0 (java windows)
Content-Length: 23
Content-Type: application/json; charset=utf-8
host: localhost:20333
accept: */*

Response DefaultHttpResponse(decodeResult: success, version: HTTP/1.1)
HTTP/1.1 200 OK
Content-Type: application/json; charset=utf-8
cache-control: no-cache
content-length: 14

DEBUG AsyncHttpClient-1-2 org.asynchttpclient.netty.channel.ChannelManager - Adding key: http://localhost:20333 for channel [id: 0x2490d4d1, L:/127.0.0.1:62794 - R:localhost/127.0.0.1:20333]
DEBUG Forwarding maximizeCurrentWindow on session 945ce3ab0e33f2e9c417e336bb1859fe to remote org.asynchttpclient.netty.request.NettyRequestSender - Using pooled Channel '[id: 0x2490d4d1, L:/127.0.0.1:62794 - R:localhost/127.0.0.1:20333]' for 'POST' to 'http://localhost:20333/session/945ce3ab0e33f2e9c417e336bb1859fe/window/maximize'
DEBUG Forwarding maximizeCurrentWindow on session 945ce3ab0e33f2e9c417e336bb1859fe to remote org.asynchttpclient.netty.request.NettyRequestSender - Using open Channel [id: 0x2490d4d1, L:/127.0.0.1:62794 - R:localhost/127.0.0.1:20333] for POST '/session/945ce3ab0e33f2e9c417e336bb1859fe/window/maximize'
DEBUG AsyncHttpClient-1-2 org.asynchttpclient.netty.handler.HttpHandler - 

Request DefaultHttpRequest(decodeResult: success, version: HTTP/1.1)
POST /session/945ce3ab0e33f2e9c417e336bb1859fe/window/maximize HTTP/1.1
User-Agent: selenium/4.6.0 (java windows)
Content-Length: 3
Content-Type: application/json; charset=utf-8
host: localhost:20333
accept: */*

Response DefaultHttpResponse(decodeResult: success, version: HTTP/1.1)
HTTP/1.1 200 OK
Content-Type: application/json; charset=utf-8
cache-control: no-cache
content-length: 51

DEBUG AsyncHttpClient-1-2 org.asynchttpclient.netty.channel.ChannelManager - Adding key: http://localhost:20333 for channel [id: 0x2490d4d1, L:/127.0.0.1:62794 - R:localhost/127.0.0.1:20333]
DEBUG Forwarding get on session 945ce3ab0e33f2e9c417e336bb1859fe to remote org.asynchttpclient.netty.request.NettyRequestSender - Using pooled Channel '[id: 0x2490d4d1, L:/127.0.0.1:62794 - R:localhost/127.0.0.1:20333]' for 'POST' to 'http://localhost:20333/session/945ce3ab0e33f2e9c417e336bb1859fe/url'
DEBUG Forwarding get on session 945ce3ab0e33f2e9c417e336bb1859fe to remote org.asynchttpclient.netty.request.NettyRequestSender - Using open Channel [id: 0x2490d4d1, L:/127.0.0.1:62794 - R:localhost/127.0.0.1:20333] for POST '/session/945ce3ab0e33f2e9c417e336bb1859fe/url'
DEBUG AsyncHttpClient-1-1 org.asynchttpclient.netty.channel.DefaultChannelPool - Entry count for : http://localhost:62795 : 1
DEBUG AsyncHttpClient-1-1 org.asynchttpclient.netty.channel.DefaultChannelPool - Entry count for : http://localhost:62795 : 1
DEBUG AsyncHttpClient-1-1 org.asynchttpclient.netty.channel.DefaultChannelPool - Entry count for : http://localhost:62795 : 1
DEBUG AsyncHttpClient-1-1 org.asynchttpclient.netty.channel.DefaultChannelPool - Entry count for : http://localhost:62795 : 1
DEBUG AsyncHttpClient-1-2 org.asynchttpclient.netty.handler.HttpHandler - 

Request DefaultHttpRequest(decodeResult: success, version: HTTP/1.1)
POST /session/945ce3ab0e33f2e9c417e336bb1859fe/url HTTP/1.1
User-Agent: selenium/4.6.0 (java windows)
Content-Length: 46
Content-Type: application/json; charset=utf-8
host: localhost:20333
accept: */*

Response DefaultHttpResponse(decodeResult: success, version: HTTP/1.1)
HTTP/1.1 200 OK
Content-Type: application/json; charset=utf-8
cache-control: no-cache
content-length: 14

DEBUG AsyncHttpClient-1-2 org.asynchttpclient.netty.channel.ChannelManager - Adding key: http://localhost:20333 for channel [id: 0x2490d4d1, L:/127.0.0.1:62794 - R:localhost/127.0.0.1:20333]
DEBUG main io.github.bonigarcia.wdm.cache.ResolutionCache - Resolution edge=107 in cache (valid until 15:08:40 01/12/2022 CET)
DEBUG main io.github.bonigarcia.wdm.cache.ResolutionCache - Resolution edge107=107.0.1418.62 in cache (valid until 13:33:37 02/12/2022 CET)
INFO main io.github.bonigarcia.wdm.WebDriverManager - Using msedgedriver 107.0.1418.62 (resolved driver for Edge 107)
DEBUG main io.github.bonigarcia.wdm.WebDriverManager - Driver msedgedriver 107.0.1418.62 found in cache
INFO main io.github.bonigarcia.wdm.WebDriverManager - Exporting webdriver.edge.driver as C:\Users\78621\.cache\selenium\msedgedriver\win64\107.0.1418.62\msedgedriver.exe
DEBUG main io.netty.util.internal.logging.InternalLoggerFactory - Using SLF4J as the default logging framework
DEBUG main io.netty.util.ResourceLeakDetector - -Dio.netty.leakDetection.level: simple
DEBUG main io.netty.util.ResourceLeakDetector - -Dio.netty.leakDetection.targetRecords: 4
DEBUG main io.netty.util.ResourceLeakDetectorFactory - Loaded default ResourceLeakDetector: io.netty.util.ResourceLeakDetector@183e8023
DEBUG main io.netty.util.internal.PlatformDependent0 - -Dio.netty.noUnsafe: false
DEBUG main io.netty.util.internal.PlatformDependent0 - Java version: 19
DEBUG main io.netty.util.internal.PlatformDependent0 - sun.misc.Unsafe.theUnsafe: available
DEBUG main io.netty.util.internal.PlatformDependent0 - sun.misc.Unsafe.copyMemory: available
DEBUG main io.netty.util.internal.PlatformDependent0 - sun.misc.Unsafe.storeFence: available
DEBUG main io.netty.util.internal.PlatformDependent0 - java.nio.Buffer.address: available
DEBUG main io.netty.util.internal.PlatformDependent0 - direct buffer constructor: unavailable: Reflective setAccessible(true) disabled
DEBUG main io.netty.util.internal.PlatformDependent0 - java.nio.Bits.unaligned: available, true
DEBUG main io.netty.util.internal.PlatformDependent0 - jdk.internal.misc.Unsafe.allocateUninitializedArray(int): unavailable: class io.netty.util.internal.PlatformDependent0$7 cannot access class jdk.internal.misc.Unsafe (in module java.base) because module java.base does not export jdk.internal.misc to unnamed module @4fccd51b
DEBUG main io.netty.util.internal.PlatformDependent0 - java.nio.DirectByteBuffer.<init>(long, int): unavailable
DEBUG main io.netty.util.internal.PlatformDependent - sun.misc.Unsafe: available
DEBUG main io.netty.util.internal.PlatformDependent - maxDirectMemory: 4238344192 bytes (maybe)
DEBUG main io.netty.util.internal.PlatformDependent - -Dio.netty.tmpdir: C:\Users\78621\AppData\Local\Temp (java.io.tmpdir)
DEBUG main io.netty.util.internal.PlatformDependent - -Dio.netty.bitMode: 64 (sun.arch.data.model)
DEBUG main io.netty.util.internal.PlatformDependent - Platform: Windows
DEBUG main io.netty.util.internal.PlatformDependent - -Dio.netty.maxDirectMemory: -1 bytes
DEBUG main io.netty.util.internal.PlatformDependent - -Dio.netty.uninitializedArrayAllocationThreshold: -1
DEBUG main io.netty.util.internal.CleanerJava9 - java.nio.ByteBuffer.cleaner(): available
DEBUG main io.netty.util.internal.PlatformDependent - -Dio.netty.noPreferDirect: false
DEBUG main io.netty.util.internal.PlatformDependent - org.jctools-core.MpscChunkedArrayQueue: available
DEBUG main io.netty.util.internal.InternalThreadLocalMap - -Dio.netty.threadLocalMap.stringBuilder.initialSize: 1024
DEBUG main io.netty.util.internal.InternalThreadLocalMap - -Dio.netty.threadLocalMap.stringBuilder.maxSize: 4096
DEBUG main io.netty.handler.ssl.JdkSslContext - Default protocols (JDK): [TLSv1.3, TLSv1.2] 
DEBUG main io.netty.handler.ssl.JdkSslContext - Default cipher suites (JDK): [TLS_ECDHE_ECDSA_WITH_AES_256_GCM_SHA384, TLS_ECDHE_ECDSA_WITH_AES_128_GCM_SHA256, TLS_ECDHE_RSA_WITH_AES_128_GCM_SHA256, TLS_ECDHE_RSA_WITH_AES_256_GCM_SHA384, TLS_ECDHE_RSA_WITH_AES_128_CBC_SHA, TLS_ECDHE_RSA_WITH_AES_256_CBC_SHA, TLS_RSA_WITH_AES_128_GCM_SHA256, TLS_RSA_WITH_AES_128_CBC_SHA, TLS_RSA_WITH_AES_256_CBC_SHA, TLS_AES_128_GCM_SHA256, TLS_AES_256_GCM_SHA384]
DEBUG main io.netty.channel.MultithreadEventLoopGroup - -Dio.netty.eventLoopThreads: 24
DEBUG main io.netty.channel.nio.NioEventLoop - -Dio.netty.noKeySetOptimization: false
DEBUG main io.netty.channel.nio.NioEventLoop - -Dio.netty.selectorAutoRebuildThreshold: 512
DEBUG main io.netty.buffer.PooledByteBufAllocator - -Dio.netty.allocator.numHeapArenas: 24
DEBUG main io.netty.buffer.PooledByteBufAllocator - -Dio.netty.allocator.numDirectArenas: 24
DEBUG main io.netty.buffer.PooledByteBufAllocator - -Dio.netty.allocator.pageSize: 8192
DEBUG main io.netty.buffer.PooledByteBufAllocator - -Dio.netty.allocator.maxOrder: 9
DEBUG main io.netty.buffer.PooledByteBufAllocator - -Dio.netty.allocator.chunkSize: 4194304
DEBUG main io.netty.buffer.PooledByteBufAllocator - -Dio.netty.allocator.smallCacheSize: 256
DEBUG main io.netty.buffer.PooledByteBufAllocator - -Dio.netty.allocator.normalCacheSize: 64
DEBUG main io.netty.buffer.PooledByteBufAllocator - -Dio.netty.allocator.maxCachedBufferCapacity: 32768
DEBUG main io.netty.buffer.PooledByteBufAllocator - -Dio.netty.allocator.cacheTrimInterval: 8192
DEBUG main io.netty.buffer.PooledByteBufAllocator - -Dio.netty.allocator.cacheTrimIntervalMillis: 0
DEBUG main io.netty.buffer.PooledByteBufAllocator - -Dio.netty.allocator.useCacheForAllThreads: false
DEBUG main io.netty.buffer.PooledByteBufAllocator - -Dio.netty.allocator.maxCachedByteBuffersPerChunk: 1023
DEBUG main io.netty.buffer.ByteBufUtil - -Dio.netty.allocator.type: pooled
DEBUG main io.netty.buffer.ByteBufUtil - -Dio.netty.threadLocalDirectBufferSize: 0
DEBUG main io.netty.buffer.ByteBufUtil - -Dio.netty.maxThreadLocalCharBufferSize: 16384
DEBUG Forwarding newSession on session null to remote io.netty.channel.DefaultChannelId - -Dio.netty.processId: 15176 (auto-detected)
DEBUG Forwarding newSession on session null to remote io.netty.util.NetUtil - -Djava.net.preferIPv4Stack: false
DEBUG Forwarding newSession on session null to remote io.netty.util.NetUtil - -Djava.net.preferIPv6Addresses: false
DEBUG Forwarding newSession on session null to remote io.netty.util.NetUtilInitializations - Loopback interface: lo (Software Loopback Interface 1, 127.0.0.1)
DEBUG Forwarding newSession on session null to remote io.netty.util.NetUtil - Failed to get SOMAXCONN from sysctl and file \proc\sys\net\core\somaxconn. Default: 200
DEBUG Forwarding newSession on session null to remote io.netty.channel.DefaultChannelId - -Dio.netty.machineId: 3c:58:c2:ff:fe:d3:15:d0 (auto-detected)
DEBUG AsyncHttpClient-1-2 io.netty.buffer.AbstractByteBuf - -Dio.netty.buffer.checkAccessible: true
DEBUG AsyncHttpClient-1-2 io.netty.buffer.AbstractByteBuf - -Dio.netty.buffer.checkBounds: true
DEBUG AsyncHttpClient-1-2 io.netty.util.ResourceLeakDetectorFactory - Loaded default ResourceLeakDetector: io.netty.util.ResourceLeakDetector@22967746
DEBUG AsyncHttpClient-1-2 org.asynchttpclient.netty.channel.NettyConnectListener - Using new Channel '[id: 0x00ad75e4, L:/127.0.0.1:62888 - R:localhost/127.0.0.1:20769]' for 'POST' to '/session'
DEBUG AsyncHttpClient-1-2 io.netty.util.Recycler - -Dio.netty.recycler.maxCapacityPerThread: 4096
DEBUG AsyncHttpClient-1-2 io.netty.util.Recycler - -Dio.netty.recycler.ratio: 8
DEBUG AsyncHttpClient-1-2 io.netty.util.Recycler - -Dio.netty.recycler.chunkSize: 32
DEBUG AsyncHttpClient-1-2 io.netty.util.Recycler - -Dio.netty.recycler.blocking: false
DEBUG AsyncHttpClient-1-2 io.netty.handler.codec.compression.Brotli - brotli4j not in the classpath; Brotli support will be unavailable.
DEBUG AsyncHttpClient-1-2 org.asynchttpclient.netty.handler.HttpHandler - 

Request DefaultHttpRequest(decodeResult: success, version: HTTP/1.1)
POST /session HTTP/1.1
User-Agent: selenium/4.6.0 (java windows)
Content-Length: 371
Content-Type: application/json; charset=utf-8
host: localhost:20769
accept: */*

Response DefaultHttpResponse(decodeResult: success, version: HTTP/1.1)
HTTP/1.1 200 OK
Content-Type: application/json; charset=utf-8
cache-control: no-cache
content-length: 756

DEBUG AsyncHttpClient-1-2 org.asynchttpclient.netty.channel.ChannelManager - Adding key: http://localhost:20769 for channel [id: 0x00ad75e4, L:/127.0.0.1:62888 - R:localhost/127.0.0.1:20769]
DEBUG AsyncHttpClient-1-1 org.asynchttpclient.netty.channel.DefaultChannelPool - Entry count for : http://localhost:20769 : 1
DEBUG AsyncHttpClient-1-3 org.asynchttpclient.netty.channel.NettyConnectListener - Using new Channel '[id: 0xf4f0a64c, L:/127.0.0.1:62901 - R:localhost/127.0.0.1:62889]' for 'GET' to '/json/version'
DEBUG AsyncHttpClient-1-3 org.asynchttpclient.netty.handler.HttpHandler - 

Request DefaultFullHttpRequest(decodeResult: success, version: HTTP/1.1, content: EmptyByteBufBE)
GET /json/version HTTP/1.1
User-Agent: selenium/4.6.0 (java windows)
host: localhost:62889
accept: */*

Response DefaultHttpResponse(decodeResult: success, version: HTTP/1.1)
HTTP/1.1 200 OK
Content-Type: application/json; charset=UTF-8
content-length: 436

DEBUG AsyncHttpClient-1-3 org.asynchttpclient.netty.channel.ChannelManager - Adding key: http://localhost:62889 for channel [id: 0xf4f0a64c, L:/127.0.0.1:62901 - R:localhost/127.0.0.1:62889]
DEBUG main io.netty.util.internal.ThreadLocalRandom - -Dio.netty.initialSeedUniquifier: 0x988319460b2db669
DEBUG AsyncHttpClient-1-4 org.asynchttpclient.netty.channel.NettyConnectListener - Using new Channel '[id: 0x878b256d, L:/127.0.0.1:62903 - R:localhost/127.0.0.1:62889]' for 'GET' to '/devtools/browser/8eb02a82-0490-48a8-a6ae-081ad5d2f928'
DEBUG AsyncHttpClient-1-4 org.asynchttpclient.netty.handler.WebSocketHandler - 

Request DefaultFullHttpRequest(decodeResult: success, version: HTTP/1.1, content: EmptyByteBufBE)
GET /devtools/browser/8eb02a82-0490-48a8-a6ae-081ad5d2f928 HTTP/1.1
upgrade: websocket
connection: upgrade
sec-websocket-key: hbLaVA8soyaJ9mzYYQrbvA==
sec-websocket-version: 13
origin: http://localhost:62889
host: localhost:62889
accept: */*
user-agent: AHC/2.1

Response DefaultHttpResponse(decodeResult: success, version: HTTP/1.1)
HTTP/1.1 101 WebSocket Protocol Handshake
Upgrade: WebSocket
Connection: Upgrade
Sec-WebSocket-Accept: 7cn3v4SngT84hZiwQqOdpHsFPo4=

DEBUG Forwarding setTimeout on session 63c8782cb09435319ae93b15417589b2 to remote org.asynchttpclient.netty.request.NettyRequestSender - Using pooled Channel '[id: 0x00ad75e4, L:/127.0.0.1:62888 - R:localhost/127.0.0.1:20769]' for 'POST' to 'http://localhost:20769/session/63c8782cb09435319ae93b15417589b2/timeouts'
DEBUG Forwarding setTimeout on session 63c8782cb09435319ae93b15417589b2 to remote org.asynchttpclient.netty.request.NettyRequestSender - Using open Channel [id: 0x00ad75e4, L:/127.0.0.1:62888 - R:localhost/127.0.0.1:20769] for POST '/session/63c8782cb09435319ae93b15417589b2/timeouts'
DEBUG AsyncHttpClient-1-2 org.asynchttpclient.netty.handler.HttpHandler - 

Request DefaultHttpRequest(decodeResult: success, version: HTTP/1.1)
POST /session/63c8782cb09435319ae93b15417589b2/timeouts HTTP/1.1
User-Agent: selenium/4.6.0 (java windows)
Content-Length: 23
Content-Type: application/json; charset=utf-8
host: localhost:20769
accept: */*

Response DefaultHttpResponse(decodeResult: success, version: HTTP/1.1)
HTTP/1.1 200 OK
Content-Type: application/json; charset=utf-8
cache-control: no-cache
content-length: 14

DEBUG AsyncHttpClient-1-2 org.asynchttpclient.netty.channel.ChannelManager - Adding key: http://localhost:20769 for channel [id: 0x00ad75e4, L:/127.0.0.1:62888 - R:localhost/127.0.0.1:20769]
DEBUG Forwarding maximizeCurrentWindow on session 63c8782cb09435319ae93b15417589b2 to remote org.asynchttpclient.netty.request.NettyRequestSender - Using pooled Channel '[id: 0x00ad75e4, L:/127.0.0.1:62888 - R:localhost/127.0.0.1:20769]' for 'POST' to 'http://localhost:20769/session/63c8782cb09435319ae93b15417589b2/window/maximize'
DEBUG Forwarding maximizeCurrentWindow on session 63c8782cb09435319ae93b15417589b2 to remote org.asynchttpclient.netty.request.NettyRequestSender - Using open Channel [id: 0x00ad75e4, L:/127.0.0.1:62888 - R:localhost/127.0.0.1:20769] for POST '/session/63c8782cb09435319ae93b15417589b2/window/maximize'
DEBUG AsyncHttpClient-1-2 org.asynchttpclient.netty.handler.HttpHandler - 

Request DefaultHttpRequest(decodeResult: success, version: HTTP/1.1)
POST /session/63c8782cb09435319ae93b15417589b2/window/maximize HTTP/1.1
User-Agent: selenium/4.6.0 (java windows)
Content-Length: 3
Content-Type: application/json; charset=utf-8
host: localhost:20769
accept: */*

Response DefaultHttpResponse(decodeResult: success, version: HTTP/1.1)
HTTP/1.1 200 OK
Content-Type: application/json; charset=utf-8
cache-control: no-cache
content-length: 51

DEBUG AsyncHttpClient-1-2 org.asynchttpclient.netty.channel.ChannelManager - Adding key: http://localhost:20769 for channel [id: 0x00ad75e4, L:/127.0.0.1:62888 - R:localhost/127.0.0.1:20769]
DEBUG Forwarding get on session 63c8782cb09435319ae93b15417589b2 to remote org.asynchttpclient.netty.request.NettyRequestSender - Using pooled Channel '[id: 0x00ad75e4, L:/127.0.0.1:62888 - R:localhost/127.0.0.1:20769]' for 'POST' to 'http://localhost:20769/session/63c8782cb09435319ae93b15417589b2/url'
DEBUG Forwarding get on session 63c8782cb09435319ae93b15417589b2 to remote org.asynchttpclient.netty.request.NettyRequestSender - Using open Channel [id: 0x00ad75e4, L:/127.0.0.1:62888 - R:localhost/127.0.0.1:20769] for POST '/session/63c8782cb09435319ae93b15417589b2/url'
DEBUG AsyncHttpClient-1-1 org.asynchttpclient.netty.channel.DefaultChannelPool - Entry count for : http://localhost:62889 : 1
DEBUG AsyncHttpClient-1-1 org.asynchttpclient.netty.channel.DefaultChannelPool - Entry count for : http://localhost:62889 : 1
DEBUG AsyncHttpClient-1-1 org.asynchttpclient.netty.channel.DefaultChannelPool - Entry count for : http://localhost:62889 : 1
DEBUG AsyncHttpClient-1-1 org.asynchttpclient.netty.channel.DefaultChannelPool - Entry count for : http://localhost:62889 : 1
DEBUG AsyncHttpClient-1-2 org.asynchttpclient.netty.handler.HttpHandler - 

Request DefaultHttpRequest(decodeResult: success, version: HTTP/1.1)
POST /session/63c8782cb09435319ae93b15417589b2/url HTTP/1.1
User-Agent: selenium/4.6.0 (java windows)
Content-Length: 46
Content-Type: application/json; charset=utf-8
host: localhost:20769
accept: */*

Response DefaultHttpResponse(decodeResult: success, version: HTTP/1.1)
HTTP/1.1 200 OK
Content-Type: application/json; charset=utf-8
cache-control: no-cache
content-length: 14

DEBUG AsyncHttpClient-1-2 org.asynchttpclient.netty.channel.ChannelManager - Adding key: http://localhost:20769 for channel [id: 0x00ad75e4, L:/127.0.0.1:62888 - R:localhost/127.0.0.1:20769]
DEBUG AsyncHttpClient-1-1 org.asynchttpclient.netty.channel.DefaultChannelPool - Entry count for : http://localhost:20769 : 1
DEBUG AsyncHttpClient-1-1 org.asynchttpclient.netty.channel.DefaultChannelPool - Entry count for : http://localhost:62889 : 1
DEBUG Forwarding findElement on session 63c8782cb09435319ae93b15417589b2 to remote org.asynchttpclient.netty.request.NettyRequestSender - Using pooled Channel '[id: 0x00ad75e4, L:/127.0.0.1:62888 - R:localhost/127.0.0.1:20769]' for 'POST' to 'http://localhost:20769/session/63c8782cb09435319ae93b15417589b2/element'
DEBUG Forwarding findElement on session 63c8782cb09435319ae93b15417589b2 to remote org.asynchttpclient.netty.request.NettyRequestSender - Using open Channel [id: 0x00ad75e4, L:/127.0.0.1:62888 - R:localhost/127.0.0.1:20769] for POST '/session/63c8782cb09435319ae93b15417589b2/element'
DEBUG AsyncHttpClient-1-2 org.asynchttpclient.netty.handler.HttpHandler - 

Request DefaultHttpRequest(decodeResult: success, version: HTTP/1.1)
POST /session/63c8782cb09435319ae93b15417589b2/element HTTP/1.1
User-Agent: selenium/4.6.0 (java windows)
Content-Length: 47
Content-Type: application/json; charset=utf-8
host: localhost:20769
accept: */*

Response DefaultHttpResponse(decodeResult: success, version: HTTP/1.1)
HTTP/1.1 200 OK
Content-Type: application/json; charset=utf-8
cache-control: no-cache
content-length: 88

DEBUG AsyncHttpClient-1-2 org.asynchttpclient.netty.channel.ChannelManager - Adding key: http://localhost:20769 for channel [id: 0x00ad75e4, L:/127.0.0.1:62888 - R:localhost/127.0.0.1:20769]
DEBUG Forwarding sendKeysToElement on session 63c8782cb09435319ae93b15417589b2 to remote org.asynchttpclient.netty.request.NettyRequestSender - Using pooled Channel '[id: 0x00ad75e4, L:/127.0.0.1:62888 - R:localhost/127.0.0.1:20769]' for 'POST' to 'http://localhost:20769/session/63c8782cb09435319ae93b15417589b2/element/4dfe426a-30d3-4ef7-a437-308ac55e36fd/value'
DEBUG Forwarding sendKeysToElement on session 63c8782cb09435319ae93b15417589b2 to remote org.asynchttpclient.netty.request.NettyRequestSender - Using open Channel [id: 0x00ad75e4, L:/127.0.0.1:62888 - R:localhost/127.0.0.1:20769] for POST '/session/63c8782cb09435319ae93b15417589b2/element/4dfe426a-30d3-4ef7-a437-308ac55e36fd/value'
DEBUG AsyncHttpClient-1-2 org.asynchttpclient.netty.handler.HttpHandler - 

Request DefaultHttpRequest(decodeResult: success, version: HTTP/1.1)
POST /session/63c8782cb09435319ae93b15417589b2/element/4dfe426a-30d3-4ef7-a437-308ac55e36fd/value HTTP/1.1
User-Agent: selenium/4.6.0 (java windows)
Content-Length: 121
Content-Type: application/json; charset=utf-8
host: localhost:20769
accept: */*

Response DefaultHttpResponse(decodeResult: success, version: HTTP/1.1)
HTTP/1.1 200 OK
Content-Type: application/json; charset=utf-8
cache-control: no-cache
content-length: 14

DEBUG AsyncHttpClient-1-2 org.asynchttpclient.netty.channel.ChannelManager - Adding key: http://localhost:20769 for channel [id: 0x00ad75e4, L:/127.0.0.1:62888 - R:localhost/127.0.0.1:20769]
DEBUG Forwarding findElement on session 63c8782cb09435319ae93b15417589b2 to remote org.asynchttpclient.netty.request.NettyRequestSender - Using pooled Channel '[id: 0x00ad75e4, L:/127.0.0.1:62888 - R:localhost/127.0.0.1:20769]' for 'POST' to 'http://localhost:20769/session/63c8782cb09435319ae93b15417589b2/element'
DEBUG Forwarding findElement on session 63c8782cb09435319ae93b15417589b2 to remote org.asynchttpclient.netty.request.NettyRequestSender - Using open Channel [id: 0x00ad75e4, L:/127.0.0.1:62888 - R:localhost/127.0.0.1:20769] for POST '/session/63c8782cb09435319ae93b15417589b2/element'
DEBUG AsyncHttpClient-1-2 org.asynchttpclient.netty.handler.HttpHandler - 

Request DefaultHttpRequest(decodeResult: success, version: HTTP/1.1)
POST /session/63c8782cb09435319ae93b15417589b2/element HTTP/1.1
User-Agent: selenium/4.6.0 (java windows)
Content-Length: 47
Content-Type: application/json; charset=utf-8
host: localhost:20769
accept: */*

Response DefaultHttpResponse(decodeResult: success, version: HTTP/1.1)
HTTP/1.1 200 OK
Content-Type: application/json; charset=utf-8
cache-control: no-cache
content-length: 88

DEBUG AsyncHttpClient-1-2 org.asynchttpclient.netty.channel.ChannelManager - Adding key: http://localhost:20769 for channel [id: 0x00ad75e4, L:/127.0.0.1:62888 - R:localhost/127.0.0.1:20769]
DEBUG Forwarding clickElement on session 63c8782cb09435319ae93b15417589b2 to remote org.asynchttpclient.netty.request.NettyRequestSender - Using pooled Channel '[id: 0x00ad75e4, L:/127.0.0.1:62888 - R:localhost/127.0.0.1:20769]' for 'POST' to 'http://localhost:20769/session/63c8782cb09435319ae93b15417589b2/element/4654a6c4-548f-4cd3-a266-1122f820c13a/click'
DEBUG Forwarding clickElement on session 63c8782cb09435319ae93b15417589b2 to remote org.asynchttpclient.netty.request.NettyRequestSender - Using open Channel [id: 0x00ad75e4, L:/127.0.0.1:62888 - R:localhost/127.0.0.1:20769] for POST '/session/63c8782cb09435319ae93b15417589b2/element/4654a6c4-548f-4cd3-a266-1122f820c13a/click'
DEBUG AsyncHttpClient-1-2 org.asynchttpclient.netty.handler.HttpHandler - 

Request DefaultHttpRequest(decodeResult: success, version: HTTP/1.1)
POST /session/63c8782cb09435319ae93b15417589b2/element/4654a6c4-548f-4cd3-a266-1122f820c13a/click HTTP/1.1
User-Agent: selenium/4.6.0 (java windows)
Content-Length: 50
Content-Type: application/json; charset=utf-8
host: localhost:20769
accept: */*

Response DefaultHttpResponse(decodeResult: success, version: HTTP/1.1)
HTTP/1.1 200 OK
Content-Type: application/json; charset=utf-8
cache-control: no-cache
content-length: 14

DEBUG AsyncHttpClient-1-2 org.asynchttpclient.netty.channel.ChannelManager - Adding key: http://localhost:20769 for channel [id: 0x00ad75e4, L:/127.0.0.1:62888 - R:localhost/127.0.0.1:20769]
DEBUG AsyncHttpClient-1-1 org.asynchttpclient.netty.channel.DefaultChannelPool - Entry count for : http://localhost:20769 : 1
DEBUG AsyncHttpClient-1-1 org.asynchttpclient.netty.channel.DefaultChannelPool - Entry count for : http://localhost:62889 : 1
DEBUG AsyncHttpClient-1-1 org.asynchttpclient.netty.channel.DefaultChannelPool - Entry count for : http://localhost:20769 : 1
DEBUG AsyncHttpClient-1-1 org.asynchttpclient.netty.channel.DefaultChannelPool - Entry count for : http://localhost:62889 : 1
DEBUG main io.github.bonigarcia.wdm.cache.ResolutionCache - Resolution edge=107 in cache (valid until 15:08:40 01/12/2022 CET)
DEBUG main io.github.bonigarcia.wdm.cache.ResolutionCache - Resolution edge107=107.0.1418.62 in cache (valid until 13:33:37 02/12/2022 CET)
INFO main io.github.bonigarcia.wdm.WebDriverManager - Using msedgedriver 107.0.1418.62 (resolved driver for Edge 107)
DEBUG main io.github.bonigarcia.wdm.WebDriverManager - Driver msedgedriver 107.0.1418.62 found in cache
INFO main io.github.bonigarcia.wdm.WebDriverManager - Exporting webdriver.edge.driver as C:\Users\78621\.cache\selenium\msedgedriver\win64\107.0.1418.62\msedgedriver.exe
DEBUG main io.netty.util.internal.logging.InternalLoggerFactory - Using SLF4J as the default logging framework
DEBUG main io.netty.util.ResourceLeakDetector - -Dio.netty.leakDetection.level: simple
DEBUG main io.netty.util.ResourceLeakDetector - -Dio.netty.leakDetection.targetRecords: 4
DEBUG main io.netty.util.ResourceLeakDetectorFactory - Loaded default ResourceLeakDetector: io.netty.util.ResourceLeakDetector@338494fa
DEBUG main io.netty.util.internal.PlatformDependent0 - -Dio.netty.noUnsafe: false
DEBUG main io.netty.util.internal.PlatformDependent0 - Java version: 19
DEBUG main io.netty.util.internal.PlatformDependent0 - sun.misc.Unsafe.theUnsafe: available
DEBUG main io.netty.util.internal.PlatformDependent0 - sun.misc.Unsafe.copyMemory: available
DEBUG main io.netty.util.internal.PlatformDependent0 - sun.misc.Unsafe.storeFence: available
DEBUG main io.netty.util.internal.PlatformDependent0 - java.nio.Buffer.address: available
DEBUG main io.netty.util.internal.PlatformDependent0 - direct buffer constructor: unavailable: Reflective setAccessible(true) disabled
DEBUG main io.netty.util.internal.PlatformDependent0 - java.nio.Bits.unaligned: available, true
DEBUG main io.netty.util.internal.PlatformDependent0 - jdk.internal.misc.Unsafe.allocateUninitializedArray(int): unavailable: class io.netty.util.internal.PlatformDependent0$7 cannot access class jdk.internal.misc.Unsafe (in module java.base) because module java.base does not export jdk.internal.misc to unnamed module @4fccd51b
DEBUG main io.netty.util.internal.PlatformDependent0 - java.nio.DirectByteBuffer.<init>(long, int): unavailable
DEBUG main io.netty.util.internal.PlatformDependent - sun.misc.Unsafe: available
DEBUG main io.netty.util.internal.PlatformDependent - maxDirectMemory: 4238344192 bytes (maybe)
DEBUG main io.netty.util.internal.PlatformDependent - -Dio.netty.tmpdir: C:\Users\78621\AppData\Local\Temp (java.io.tmpdir)
DEBUG main io.netty.util.internal.PlatformDependent - -Dio.netty.bitMode: 64 (sun.arch.data.model)
DEBUG main io.netty.util.internal.PlatformDependent - Platform: Windows
DEBUG main io.netty.util.internal.PlatformDependent - -Dio.netty.maxDirectMemory: -1 bytes
DEBUG main io.netty.util.internal.PlatformDependent - -Dio.netty.uninitializedArrayAllocationThreshold: -1
DEBUG main io.netty.util.internal.CleanerJava9 - java.nio.ByteBuffer.cleaner(): available
DEBUG main io.netty.util.internal.PlatformDependent - -Dio.netty.noPreferDirect: false
DEBUG main io.netty.util.internal.PlatformDependent - org.jctools-core.MpscChunkedArrayQueue: available
DEBUG main io.netty.util.internal.InternalThreadLocalMap - -Dio.netty.threadLocalMap.stringBuilder.initialSize: 1024
DEBUG main io.netty.util.internal.InternalThreadLocalMap - -Dio.netty.threadLocalMap.stringBuilder.maxSize: 4096
DEBUG main io.netty.handler.ssl.JdkSslContext - Default protocols (JDK): [TLSv1.3, TLSv1.2] 
DEBUG main io.netty.handler.ssl.JdkSslContext - Default cipher suites (JDK): [TLS_ECDHE_ECDSA_WITH_AES_256_GCM_SHA384, TLS_ECDHE_ECDSA_WITH_AES_128_GCM_SHA256, TLS_ECDHE_RSA_WITH_AES_128_GCM_SHA256, TLS_ECDHE_RSA_WITH_AES_256_GCM_SHA384, TLS_ECDHE_RSA_WITH_AES_128_CBC_SHA, TLS_ECDHE_RSA_WITH_AES_256_CBC_SHA, TLS_RSA_WITH_AES_128_GCM_SHA256, TLS_RSA_WITH_AES_128_CBC_SHA, TLS_RSA_WITH_AES_256_CBC_SHA, TLS_AES_128_GCM_SHA256, TLS_AES_256_GCM_SHA384]
DEBUG main io.netty.channel.MultithreadEventLoopGroup - -Dio.netty.eventLoopThreads: 24
DEBUG main io.netty.channel.nio.NioEventLoop - -Dio.netty.noKeySetOptimization: false
DEBUG main io.netty.channel.nio.NioEventLoop - -Dio.netty.selectorAutoRebuildThreshold: 512
DEBUG main io.netty.buffer.PooledByteBufAllocator - -Dio.netty.allocator.numHeapArenas: 24
DEBUG main io.netty.buffer.PooledByteBufAllocator - -Dio.netty.allocator.numDirectArenas: 24
DEBUG main io.netty.buffer.PooledByteBufAllocator - -Dio.netty.allocator.pageSize: 8192
DEBUG main io.netty.buffer.PooledByteBufAllocator - -Dio.netty.allocator.maxOrder: 9
DEBUG main io.netty.buffer.PooledByteBufAllocator - -Dio.netty.allocator.chunkSize: 4194304
DEBUG main io.netty.buffer.PooledByteBufAllocator - -Dio.netty.allocator.smallCacheSize: 256
DEBUG main io.netty.buffer.PooledByteBufAllocator - -Dio.netty.allocator.normalCacheSize: 64
DEBUG main io.netty.buffer.PooledByteBufAllocator - -Dio.netty.allocator.maxCachedBufferCapacity: 32768
DEBUG main io.netty.buffer.PooledByteBufAllocator - -Dio.netty.allocator.cacheTrimInterval: 8192
DEBUG main io.netty.buffer.PooledByteBufAllocator - -Dio.netty.allocator.cacheTrimIntervalMillis: 0
DEBUG main io.netty.buffer.PooledByteBufAllocator - -Dio.netty.allocator.useCacheForAllThreads: false
DEBUG main io.netty.buffer.PooledByteBufAllocator - -Dio.netty.allocator.maxCachedByteBuffersPerChunk: 1023
DEBUG main io.netty.buffer.ByteBufUtil - -Dio.netty.allocator.type: pooled
DEBUG main io.netty.buffer.ByteBufUtil - -Dio.netty.threadLocalDirectBufferSize: 0
DEBUG main io.netty.buffer.ByteBufUtil - -Dio.netty.maxThreadLocalCharBufferSize: 16384
DEBUG Forwarding newSession on session null to remote io.netty.channel.DefaultChannelId - -Dio.netty.processId: 6260 (auto-detected)
DEBUG Forwarding newSession on session null to remote io.netty.util.NetUtil - -Djava.net.preferIPv4Stack: false
DEBUG Forwarding newSession on session null to remote io.netty.util.NetUtil - -Djava.net.preferIPv6Addresses: false
DEBUG Forwarding newSession on session null to remote io.netty.util.NetUtilInitializations - Loopback interface: lo (Software Loopback Interface 1, 127.0.0.1)
DEBUG Forwarding newSession on session null to remote io.netty.util.NetUtil - Failed to get SOMAXCONN from sysctl and file \proc\sys\net\core\somaxconn. Default: 200
DEBUG Forwarding newSession on session null to remote io.netty.channel.DefaultChannelId - -Dio.netty.machineId: 3c:58:c2:ff:fe:d3:15:d0 (auto-detected)
DEBUG AsyncHttpClient-1-2 io.netty.buffer.AbstractByteBuf - -Dio.netty.buffer.checkAccessible: true
DEBUG AsyncHttpClient-1-2 io.netty.buffer.AbstractByteBuf - -Dio.netty.buffer.checkBounds: true
DEBUG AsyncHttpClient-1-2 io.netty.util.ResourceLeakDetectorFactory - Loaded default ResourceLeakDetector: io.netty.util.ResourceLeakDetector@593f6cd
DEBUG AsyncHttpClient-1-2 org.asynchttpclient.netty.channel.NettyConnectListener - Using new Channel '[id: 0x54a498af, L:/127.0.0.1:63026 - R:localhost/127.0.0.1:24754]' for 'POST' to '/session'
DEBUG AsyncHttpClient-1-2 io.netty.util.Recycler - -Dio.netty.recycler.maxCapacityPerThread: 4096
DEBUG AsyncHttpClient-1-2 io.netty.util.Recycler - -Dio.netty.recycler.ratio: 8
DEBUG AsyncHttpClient-1-2 io.netty.util.Recycler - -Dio.netty.recycler.chunkSize: 32
DEBUG AsyncHttpClient-1-2 io.netty.util.Recycler - -Dio.netty.recycler.blocking: false
DEBUG AsyncHttpClient-1-2 io.netty.handler.codec.compression.Brotli - brotli4j not in the classpath; Brotli support will be unavailable.
DEBUG AsyncHttpClient-1-2 org.asynchttpclient.netty.handler.HttpHandler - 

Request DefaultHttpRequest(decodeResult: success, version: HTTP/1.1)
POST /session HTTP/1.1
User-Agent: selenium/4.6.0 (java windows)
Content-Length: 371
Content-Type: application/json; charset=utf-8
host: localhost:24754
accept: */*

Response DefaultHttpResponse(decodeResult: success, version: HTTP/1.1)
HTTP/1.1 200 OK
Content-Type: application/json; charset=utf-8
cache-control: no-cache
content-length: 756

DEBUG AsyncHttpClient-1-2 org.asynchttpclient.netty.channel.ChannelManager - Adding key: http://localhost:24754 for channel [id: 0x54a498af, L:/127.0.0.1:63026 - R:localhost/127.0.0.1:24754]
DEBUG AsyncHttpClient-1-3 org.asynchttpclient.netty.channel.NettyConnectListener - Using new Channel '[id: 0x3aeeaa55, L:/127.0.0.1:63036 - R:localhost/127.0.0.1:63027]' for 'GET' to '/json/version'
DEBUG AsyncHttpClient-1-3 org.asynchttpclient.netty.handler.HttpHandler - 

Request DefaultFullHttpRequest(decodeResult: success, version: HTTP/1.1, content: EmptyByteBufBE)
GET /json/version HTTP/1.1
User-Agent: selenium/4.6.0 (java windows)
host: localhost:63027
accept: */*

Response DefaultHttpResponse(decodeResult: success, version: HTTP/1.1)
HTTP/1.1 200 OK
Content-Type: application/json; charset=UTF-8
content-length: 436

DEBUG AsyncHttpClient-1-3 org.asynchttpclient.netty.channel.ChannelManager - Adding key: http://localhost:63027 for channel [id: 0x3aeeaa55, L:/127.0.0.1:63036 - R:localhost/127.0.0.1:63027]
DEBUG main io.netty.util.internal.ThreadLocalRandom - -Dio.netty.initialSeedUniquifier: 0x21ae5c2baf62ca85
DEBUG AsyncHttpClient-1-4 org.asynchttpclient.netty.channel.NettyConnectListener - Using new Channel '[id: 0x895a7ab6, L:/127.0.0.1:63037 - R:localhost/127.0.0.1:63027]' for 'GET' to '/devtools/browser/bb3be546-10e0-47a1-807b-30181c0022ea'
DEBUG AsyncHttpClient-1-4 org.asynchttpclient.netty.handler.WebSocketHandler - 

Request DefaultFullHttpRequest(decodeResult: success, version: HTTP/1.1, content: EmptyByteBufBE)
GET /devtools/browser/bb3be546-10e0-47a1-807b-30181c0022ea HTTP/1.1
upgrade: websocket
connection: upgrade
sec-websocket-key: z3uu0OE8cUg8F+8Heze3qg==
sec-websocket-version: 13
origin: http://localhost:63027
host: localhost:63027
accept: */*
user-agent: AHC/2.1

Response DefaultHttpResponse(decodeResult: success, version: HTTP/1.1)
HTTP/1.1 101 WebSocket Protocol Handshake
Upgrade: WebSocket
Connection: Upgrade
Sec-WebSocket-Accept: ig8lhUISWLf8/PFEuYaaLiwObwk=

DEBUG AsyncHttpClient-1-1 org.asynchttpclient.netty.channel.DefaultChannelPool - Entry count for : http://localhost:63027 : 1
DEBUG AsyncHttpClient-1-1 org.asynchttpclient.netty.channel.DefaultChannelPool - Entry count for : http://localhost:24754 : 1
DEBUG Forwarding setTimeout on session 9174d0d21fde8be6eb758fadd92dc4a1 to remote org.asynchttpclient.netty.request.NettyRequestSender - Using pooled Channel '[id: 0x54a498af, L:/127.0.0.1:63026 - R:localhost/127.0.0.1:24754]' for 'POST' to 'http://localhost:24754/session/9174d0d21fde8be6eb758fadd92dc4a1/timeouts'
DEBUG Forwarding setTimeout on session 9174d0d21fde8be6eb758fadd92dc4a1 to remote org.asynchttpclient.netty.request.NettyRequestSender - Using open Channel [id: 0x54a498af, L:/127.0.0.1:63026 - R:localhost/127.0.0.1:24754] for POST '/session/9174d0d21fde8be6eb758fadd92dc4a1/timeouts'
DEBUG AsyncHttpClient-1-2 org.asynchttpclient.netty.handler.HttpHandler - 

Request DefaultHttpRequest(decodeResult: success, version: HTTP/1.1)
POST /session/9174d0d21fde8be6eb758fadd92dc4a1/timeouts HTTP/1.1
User-Agent: selenium/4.6.0 (java windows)
Content-Length: 23
Content-Type: application/json; charset=utf-8
host: localhost:24754
accept: */*

Response DefaultHttpResponse(decodeResult: success, version: HTTP/1.1)
HTTP/1.1 200 OK
Content-Type: application/json; charset=utf-8
cache-control: no-cache
content-length: 14

DEBUG AsyncHttpClient-1-2 org.asynchttpclient.netty.channel.ChannelManager - Adding key: http://localhost:24754 for channel [id: 0x54a498af, L:/127.0.0.1:63026 - R:localhost/127.0.0.1:24754]
DEBUG Forwarding maximizeCurrentWindow on session 9174d0d21fde8be6eb758fadd92dc4a1 to remote org.asynchttpclient.netty.request.NettyRequestSender - Using pooled Channel '[id: 0x54a498af, L:/127.0.0.1:63026 - R:localhost/127.0.0.1:24754]' for 'POST' to 'http://localhost:24754/session/9174d0d21fde8be6eb758fadd92dc4a1/window/maximize'
DEBUG Forwarding maximizeCurrentWindow on session 9174d0d21fde8be6eb758fadd92dc4a1 to remote org.asynchttpclient.netty.request.NettyRequestSender - Using open Channel [id: 0x54a498af, L:/127.0.0.1:63026 - R:localhost/127.0.0.1:24754] for POST '/session/9174d0d21fde8be6eb758fadd92dc4a1/window/maximize'
DEBUG AsyncHttpClient-1-2 org.asynchttpclient.netty.handler.HttpHandler - 

Request DefaultHttpRequest(decodeResult: success, version: HTTP/1.1)
POST /session/9174d0d21fde8be6eb758fadd92dc4a1/window/maximize HTTP/1.1
User-Agent: selenium/4.6.0 (java windows)
Content-Length: 3
Content-Type: application/json; charset=utf-8
host: localhost:24754
accept: */*

Response DefaultHttpResponse(decodeResult: success, version: HTTP/1.1)
HTTP/1.1 200 OK
Content-Type: application/json; charset=utf-8
cache-control: no-cache
content-length: 51

DEBUG AsyncHttpClient-1-2 org.asynchttpclient.netty.channel.ChannelManager - Adding key: http://localhost:24754 for channel [id: 0x54a498af, L:/127.0.0.1:63026 - R:localhost/127.0.0.1:24754]
DEBUG Forwarding get on session 9174d0d21fde8be6eb758fadd92dc4a1 to remote org.asynchttpclient.netty.request.NettyRequestSender - Using pooled Channel '[id: 0x54a498af, L:/127.0.0.1:63026 - R:localhost/127.0.0.1:24754]' for 'POST' to 'http://localhost:24754/session/9174d0d21fde8be6eb758fadd92dc4a1/url'
DEBUG Forwarding get on session 9174d0d21fde8be6eb758fadd92dc4a1 to remote org.asynchttpclient.netty.request.NettyRequestSender - Using open Channel [id: 0x54a498af, L:/127.0.0.1:63026 - R:localhost/127.0.0.1:24754] for POST '/session/9174d0d21fde8be6eb758fadd92dc4a1/url'
DEBUG AsyncHttpClient-1-1 org.asynchttpclient.netty.channel.DefaultChannelPool - Entry count for : http://localhost:63027 : 1
DEBUG AsyncHttpClient-1-1 org.asynchttpclient.netty.channel.DefaultChannelPool - Entry count for : http://localhost:63027 : 1
DEBUG AsyncHttpClient-1-1 org.asynchttpclient.netty.channel.DefaultChannelPool - Entry count for : http://localhost:63027 : 1
DEBUG AsyncHttpClient-1-1 org.asynchttpclient.netty.channel.DefaultChannelPool - Entry count for : http://localhost:63027 : 1
DEBUG AsyncHttpClient-1-1 org.asynchttpclient.netty.channel.DefaultChannelPool - Entry count for : http://localhost:63027 : 1
DEBUG AsyncHttpClient-1-1 org.asynchttpclient.netty.channel.DefaultChannelPool - Entry count for : http://localhost:63027 : 1
DEBUG AsyncHttpClient-1-2 org.asynchttpclient.netty.handler.HttpHandler - 

Request DefaultHttpRequest(decodeResult: success, version: HTTP/1.1)
POST /session/9174d0d21fde8be6eb758fadd92dc4a1/url HTTP/1.1
User-Agent: selenium/4.6.0 (java windows)
Content-Length: 46
Content-Type: application/json; charset=utf-8
host: localhost:24754
accept: */*

Response DefaultHttpResponse(decodeResult: success, version: HTTP/1.1)
HTTP/1.1 200 OK
Content-Type: application/json; charset=utf-8
cache-control: no-cache
content-length: 14

DEBUG AsyncHttpClient-1-2 org.asynchttpclient.netty.channel.ChannelManager - Adding key: http://localhost:24754 for channel [id: 0x54a498af, L:/127.0.0.1:63026 - R:localhost/127.0.0.1:24754]
DEBUG AsyncHttpClient-1-1 org.asynchttpclient.netty.channel.DefaultChannelPool - Entry count for : http://localhost:63027 : 1
DEBUG AsyncHttpClient-1-1 org.asynchttpclient.netty.channel.DefaultChannelPool - Entry count for : http://localhost:24754 : 1
DEBUG Forwarding findElement on session 9174d0d21fde8be6eb758fadd92dc4a1 to remote org.asynchttpclient.netty.request.NettyRequestSender - Using pooled Channel '[id: 0x54a498af, L:/127.0.0.1:63026 - R:localhost/127.0.0.1:24754]' for 'POST' to 'http://localhost:24754/session/9174d0d21fde8be6eb758fadd92dc4a1/element'
DEBUG Forwarding findElement on session 9174d0d21fde8be6eb758fadd92dc4a1 to remote org.asynchttpclient.netty.request.NettyRequestSender - Using open Channel [id: 0x54a498af, L:/127.0.0.1:63026 - R:localhost/127.0.0.1:24754] for POST '/session/9174d0d21fde8be6eb758fadd92dc4a1/element'
DEBUG AsyncHttpClient-1-2 org.asynchttpclient.netty.handler.HttpHandler - 

Request DefaultHttpRequest(decodeResult: success, version: HTTP/1.1)
POST /session/9174d0d21fde8be6eb758fadd92dc4a1/element HTTP/1.1
User-Agent: selenium/4.6.0 (java windows)
Content-Length: 47
Content-Type: application/json; charset=utf-8
host: localhost:24754
accept: */*

Response DefaultHttpResponse(decodeResult: success, version: HTTP/1.1)
HTTP/1.1 200 OK
Content-Type: application/json; charset=utf-8
cache-control: no-cache
content-length: 88

DEBUG AsyncHttpClient-1-2 org.asynchttpclient.netty.channel.ChannelManager - Adding key: http://localhost:24754 for channel [id: 0x54a498af, L:/127.0.0.1:63026 - R:localhost/127.0.0.1:24754]
DEBUG Forwarding sendKeysToElement on session 9174d0d21fde8be6eb758fadd92dc4a1 to remote org.asynchttpclient.netty.request.NettyRequestSender - Using pooled Channel '[id: 0x54a498af, L:/127.0.0.1:63026 - R:localhost/127.0.0.1:24754]' for 'POST' to 'http://localhost:24754/session/9174d0d21fde8be6eb758fadd92dc4a1/element/f7d16f3a-a31d-4c3c-a9ce-fbd147b114a2/value'
DEBUG Forwarding sendKeysToElement on session 9174d0d21fde8be6eb758fadd92dc4a1 to remote org.asynchttpclient.netty.request.NettyRequestSender - Using open Channel [id: 0x54a498af, L:/127.0.0.1:63026 - R:localhost/127.0.0.1:24754] for POST '/session/9174d0d21fde8be6eb758fadd92dc4a1/element/f7d16f3a-a31d-4c3c-a9ce-fbd147b114a2/value'
DEBUG AsyncHttpClient-1-2 org.asynchttpclient.netty.handler.HttpHandler - 

Request DefaultHttpRequest(decodeResult: success, version: HTTP/1.1)
POST /session/9174d0d21fde8be6eb758fadd92dc4a1/element/f7d16f3a-a31d-4c3c-a9ce-fbd147b114a2/value HTTP/1.1
User-Agent: selenium/4.6.0 (java windows)
Content-Length: 121
Content-Type: application/json; charset=utf-8
host: localhost:24754
accept: */*

Response DefaultHttpResponse(decodeResult: success, version: HTTP/1.1)
HTTP/1.1 200 OK
Content-Type: application/json; charset=utf-8
cache-control: no-cache
content-length: 14

DEBUG AsyncHttpClient-1-2 org.asynchttpclient.netty.channel.ChannelManager - Adding key: http://localhost:24754 for channel [id: 0x54a498af, L:/127.0.0.1:63026 - R:localhost/127.0.0.1:24754]
DEBUG Forwarding findElement on session 9174d0d21fde8be6eb758fadd92dc4a1 to remote org.asynchttpclient.netty.request.NettyRequestSender - Using pooled Channel '[id: 0x54a498af, L:/127.0.0.1:63026 - R:localhost/127.0.0.1:24754]' for 'POST' to 'http://localhost:24754/session/9174d0d21fde8be6eb758fadd92dc4a1/element'
DEBUG Forwarding findElement on session 9174d0d21fde8be6eb758fadd92dc4a1 to remote org.asynchttpclient.netty.request.NettyRequestSender - Using open Channel [id: 0x54a498af, L:/127.0.0.1:63026 - R:localhost/127.0.0.1:24754] for POST '/session/9174d0d21fde8be6eb758fadd92dc4a1/element'
DEBUG AsyncHttpClient-1-2 org.asynchttpclient.netty.handler.HttpHandler - 

Request DefaultHttpRequest(decodeResult: success, version: HTTP/1.1)
POST /session/9174d0d21fde8be6eb758fadd92dc4a1/element HTTP/1.1
User-Agent: selenium/4.6.0 (java windows)
Content-Length: 47
Content-Type: application/json; charset=utf-8
host: localhost:24754
accept: */*

Response DefaultHttpResponse(decodeResult: success, version: HTTP/1.1)
HTTP/1.1 200 OK
Content-Type: application/json; charset=utf-8
cache-control: no-cache
content-length: 88

DEBUG AsyncHttpClient-1-2 org.asynchttpclient.netty.channel.ChannelManager - Adding key: http://localhost:24754 for channel [id: 0x54a498af, L:/127.0.0.1:63026 - R:localhost/127.0.0.1:24754]
DEBUG Forwarding clickElement on session 9174d0d21fde8be6eb758fadd92dc4a1 to remote org.asynchttpclient.netty.request.NettyRequestSender - Using pooled Channel '[id: 0x54a498af, L:/127.0.0.1:63026 - R:localhost/127.0.0.1:24754]' for 'POST' to 'http://localhost:24754/session/9174d0d21fde8be6eb758fadd92dc4a1/element/d5217120-fa3d-4490-bbf5-a2eb5171159f/click'
DEBUG Forwarding clickElement on session 9174d0d21fde8be6eb758fadd92dc4a1 to remote org.asynchttpclient.netty.request.NettyRequestSender - Using open Channel [id: 0x54a498af, L:/127.0.0.1:63026 - R:localhost/127.0.0.1:24754] for POST '/session/9174d0d21fde8be6eb758fadd92dc4a1/element/d5217120-fa3d-4490-bbf5-a2eb5171159f/click'
DEBUG AsyncHttpClient-1-1 org.asynchttpclient.netty.channel.DefaultChannelPool - Entry count for : http://localhost:63027 : 1
DEBUG AsyncHttpClient-1-2 org.asynchttpclient.netty.handler.HttpHandler - 

Request DefaultHttpRequest(decodeResult: success, version: HTTP/1.1)
POST /session/9174d0d21fde8be6eb758fadd92dc4a1/element/d5217120-fa3d-4490-bbf5-a2eb5171159f/click HTTP/1.1
User-Agent: selenium/4.6.0 (java windows)
Content-Length: 50
Content-Type: application/json; charset=utf-8
host: localhost:24754
accept: */*

Response DefaultHttpResponse(decodeResult: success, version: HTTP/1.1)
HTTP/1.1 200 OK
Content-Type: application/json; charset=utf-8
cache-control: no-cache
content-length: 14

DEBUG AsyncHttpClient-1-2 org.asynchttpclient.netty.channel.ChannelManager - Adding key: http://localhost:24754 for channel [id: 0x54a498af, L:/127.0.0.1:63026 - R:localhost/127.0.0.1:24754]
DEBUG AsyncHttpClient-1-1 org.asynchttpclient.netty.channel.DefaultChannelPool - Entry count for : http://localhost:63027 : 1
DEBUG AsyncHttpClient-1-1 org.asynchttpclient.netty.channel.DefaultChannelPool - Entry count for : http://localhost:24754 : 1
DEBUG AsyncHttpClient-1-1 org.asynchttpclient.netty.channel.DefaultChannelPool - Entry count for : http://localhost:63027 : 1
DEBUG AsyncHttpClient-1-1 org.asynchttpclient.netty.channel.DefaultChannelPool - Entry count for : http://localhost:24754 : 1
